{"repository":"https://github.com/bloxapp/ssv-web","dockerfilePath":"Dockerfile","startTime":1672178673846,"clone":{"stdout":"","stderr":"Cloning into '/tmp/dinghy-analysis/bloxapp/ssv-web'...\n","error":null,"commit":"06cd2b823a1860d0b7b4afe1cc45af1d976889d8"},"originalBuild":{"startTimestamp":1672178675508,"endTimestamp":1672178976600,"error":{"code":1,"killed":false,"signal":null,"cmd":"docker build --no-cache --force-rm -t ssv-web:latest -f /tmp/dinghy-analysis/bloxapp/ssv-web/Dockerfile ."},"stdout":"Sending build context to Docker daemon  33.86MB\r\r\nStep 1/13 : FROM mhart/alpine-node:slim-14\nslim-14: Pulling from mhart/alpine-node\nb6c00b2fad33: Pulling fs layer\nb6c00b2fad33: Verifying Checksum\nb6c00b2fad33: Download complete\nb6c00b2fad33: Pull complete\nDigest: sha256:5e37b57e36ce69d09c3f8dc82512022946e4b9c9a382c8cfbc1115493584a37c\nStatus: Downloaded newer image for mhart/alpine-node:slim-14\n ---> a63bde9eeab5\nStep 2/13 : ENV APP_WORKDIR=/builds/bloxapp/ssv-web\n ---> Running in c962375c7aa9\nRemoving intermediate container c962375c7aa9\n ---> fa5ef11ce492\nStep 3/13 : COPY . $APP_WORKDIR\n ---> 858c45938005\nStep 4/13 : WORKDIR $APP_WORKDIR\n ---> Running in abb52ae157d0\nRemoving intermediate container abb52ae157d0\n ---> 702d3514ddda\nStep 5/13 : ARG S3_BUCKET\n ---> Running in 8943b6824f50\nRemoving intermediate container 8943b6824f50\n ---> a9d1fb9650b3\nStep 6/13 : ARG AWS_ACCESS_KEY_ID\n ---> Running in 112494cc4361\nRemoving intermediate container 112494cc4361\n ---> 8df98808ebcd\nStep 7/13 : ARG AWS_SECRET_ACCESS_KEY\n ---> Running in 4aba3c0e2179\nRemoving intermediate container 4aba3c0e2179\n ---> b487c8aa548e\nStep 8/13 : ARG BUILD_ENV\n ---> Running in 59631087f843\nRemoving intermediate container 59631087f843\n ---> 09fb8ba57f33\nStep 9/13 : RUN apk update && apk upgrade &&     apk add --virtual build-deps git gcc make g++ py-pip curl --no-cache         nodejs         yarn\n ---> Running in 88663958161a\nfetch http://dl-cdn.alpinelinux.org/alpine/v3.11/main/x86_64/APKINDEX.tar.gz\nfetch http://dl-cdn.alpinelinux.org/alpine/v3.11/community/x86_64/APKINDEX.tar.gz\nv3.11.13-12-g2cfa91a2b4 [http://dl-cdn.alpinelinux.org/alpine/v3.11/main]\nv3.11.11-124-gf2729ece5a [http://dl-cdn.alpinelinux.org/alpine/v3.11/community]\nOK: 11281 distinct packages available\nUpgrading critical system libraries and apk-tools:\n(1/1) Upgrading apk-tools (2.10.6-r0 -> 2.10.8-r0)\nExecuting busybox-1.31.1-r10.trigger\nContinuing the upgrade transaction with new apk-tools:\n(1/5) Upgrading busybox (1.31.1-r10 -> 1.31.1-r11)\nExecuting busybox-1.31.1-r11.post-upgrade\n(2/5) Upgrading libcrypto1.1 (1.1.1k-r0 -> 1.1.1l-r0)\n(3/5) Upgrading libssl1.1 (1.1.1k-r0 -> 1.1.1l-r0)\n(4/5) Upgrading ssl_client (1.31.1-r10 -> 1.31.1-r11)\n(5/5) Upgrading zlib (1.2.11-r3 -> 1.2.11-r5)\nExecuting busybox-1.31.1-r11.trigger\nOK: 7 MiB in 16 packages\nfetch http://dl-cdn.alpinelinux.org/alpine/v3.11/main/x86_64/APKINDEX.tar.gz\nfetch http://dl-cdn.alpinelinux.org/alpine/v3.11/community/x86_64/APKINDEX.tar.gz\n(1/33) Installing ca-certificates (20191127-r2)\n(2/33) Installing nghttp2-libs (1.40.0-r1)\n(3/33) Installing libcurl (7.79.1-r0)\n(4/33) Installing expat (2.2.9-r1)\n(5/33) Installing pcre2 (10.34-r1)\n(6/33) Installing git (2.24.4-r0)\n(7/33) Installing binutils (2.33.1-r1)\n(8/33) Installing gmp (6.1.2-r1)\n(9/33) Installing isl (0.18-r0)\n(10/33) Installing libgomp (9.3.0-r0)\n(11/33) Installing libatomic (9.3.0-r0)\n(12/33) Installing mpfr4 (4.0.2-r1)\n(13/33) Installing mpc1 (1.1.0-r1)\n(14/33) Installing gcc (9.3.0-r0)\n(15/33) Installing make (4.2.1-r2)\n(16/33) Installing musl-dev (1.1.24-r3)\n(17/33) Installing libc-dev (0.7.2-r0)\n(18/33) Installing g++ (9.3.0-r0)\n(19/33) Installing libbz2 (1.0.8-r1)\n(20/33) Installing libffi (3.2.1-r6)\n(21/33) Installing gdbm (1.13-r1)\n(22/33) Installing ncurses-terminfo-base (6.1_p20200118-r4)\n(23/33) Installing ncurses-libs (6.1_p20200118-r4)\n(24/33) Installing readline (8.0.1-r0)\n(25/33) Installing sqlite-libs (3.30.1-r2)\n(26/33) Installing python2 (2.7.18-r0)\n(27/33) Installing py-setuptools (42.0.2-r0)\n(28/33) Installing py2-pip (18.1-r0)\n(29/33) Installing curl (7.79.1-r0)\n(30/33) Installing c-ares (1.17.2-r0)\n(31/33) Installing nodejs (12.22.6-r0)\n(32/33) Installing yarn (1.19.2-r0)\n(33/33) Installing build-deps (20221227.220445)\nExecuting busybox-1.31.1-r11.trigger\nExecuting ca-certificates-20191127-r2.trigger\nOK: 275 MiB in 49 packages\nRemoving intermediate container 88663958161a\n ---> ada0ca7b97f2\nStep 10/13 : RUN apk add npm && npm install && npm audit fix && pip install awscli\n ---> Running in f7f0ef0bc783\n(1/1) Installing npm (12.22.6-r0)\nExecuting busybox-1.31.1-r11.trigger\nOK: 302 MiB in 50 packages\n\u001b[91mnpm\u001b[0m\u001b[91m WARN \u001b[0m\u001b[91mlifecycle ssv-web@1.0.1~preinstall: cannot run in wd ssv-web@1.0.1 command -v link-module-alias && link-module-alias clean || true (wd=/builds/bloxapp/ssv-web)\n\u001b[0m\u001b[91mnpm WARN deprecated @material-ui/core@4.12.4: Material UI v4 doesn't receive active development since September 2021. See the guide https://mui.com/material-ui/migration/migration-v4/ to upgrade to v5.\n\u001b[0m\u001b[91mnpm WARN deprecated @material-ui/lab@4.0.0-alpha.61: Material UI v4 doesn't receive active development since September 2021. See the guide https://mui.com/material-ui/migration/migration-v4/ to upgrade to v5.\n\u001b[0m\u001b[91mnpm WARN deprecated babel-eslint@10.1.0: babel-eslint is now @babel/eslint-parser. This package will no longer receive updates.\n\u001b[0m\u001b[91mnpm WARN deprecated\u001b[0m\u001b[91m crypto@1.0.1: This package is no longer supported. It's now a built-in Node module. If you've depended on crypto, you should switch to the one that's built-in.\n\u001b[0m\u001b[91mnpm WARN deprecated loadsh@0.0.4: This is a typosquat on the popular Lodash package. This is not maintained nor is the original Lodash package.\n\u001b[0m\u001b[91mnpm WARN deprecated w3c-hr-time@1.0.2: Use your platform's native performance.now() and performance.timeOrigin.\n\u001b[0m\u001b[91mnpm WARN deprecated @material-ui/styles@4.11.5: Material UI v4 doesn't receive active development since September 2021. See the guide https://mui.com/material-ui/migration/migration-v4/ to upgrade to v5.\n\u001b[0m\u001b[91mnpm WARN deprecated @ledgerhq/hw-transport-u2f@5.34.0: @ledgerhq/hw-transport-u2f is deprecated. Please use @ledgerhq/hw-transport-webusb or @ledgerhq/hw-transport-webhid. https://github.com/LedgerHQ/ledgerjs/blob/master/docs/migrate_webusb.md\n\u001b[0m\u001b[91mnpm WARN deprecated eth-sig-util@3.0.1: Deprecated in favor of '@metamask/eth-sig-util'\n\u001b[0m\u001b[91mnpm WARN deprecated walletlink@2.5.0: WARNING: This project has been renamed to @coinbase/wallet-sdk. Install using @coinbase/wallet-sdk instead.\n\u001b[0m\u001b[91mnpm WARN deprecated ethereumjs-tx@2.1.2: New package name format for new versions: @ethereumjs/tx. Please update.\n\u001b[0m\u001b[91mnpm WARN deprecated tslint@6.1.3: TSLint has been deprecated in favor of ESLint. Please see https://github.com/palantir/tslint/issues/4534 for more information.\n\u001b[0m\u001b[91mnpm WARN deprecated uuid@3.4.0: Please upgrade  to version 7 or higher.  Older versions may use Math.random() in certain circumstances, which is known to be problematic.  See https://v8.dev/blog/math-random for details.\n\u001b[0m\u001b[91mnpm WARN deprecated stable@0.1.8: Modern JS already guarantees Array#sort() is a stable sort, so this library is deprecated. See the compatibility table on MDN: https://developer.mozilla.org/en-US/docs/Web/JavaScript/Reference/Global_Objects/Array/sort#browser_compatibility\n\u001b[0m\u001b[91mnpm WARN deprecated chokidar@2.1.8: Chokidar 2 does not receive security updates since 2019. Upgrade to chokidar 3 with 15x fewer dependencies\n\u001b[0m\u001b[91mnpm WARN deprecated source-map-url@0.4.1: See https://github.com/lydell/source-map-url#deprecated\n\u001b[0m\u001b[91mnpm WARN deprecated querystring@0.2.0: The querystring API is considered Legacy. new code should use the URLSearchParams API instead.\n\u001b[0m\u001b[91mnpm WARN deprecated querystring@0.2.1: The querystring API is considered Legacy. new code should use the URLSearchParams API instead.\n\u001b[0m\u001b[91mnpm WARN deprecated source-map-resolve@0.5.3: See https://github.com/lydell/source-map-resolve#deprecated\n\u001b[0m\u001b[91mnpm WARN deprecated @types/testing-library__dom@7.5.0: This is a stub types definition. testing-library__dom provides its own type definitions, so you do not need this installed.\n\u001b[0m\u001b[91mnpm WARN deprecated svgo@1.3.2: This SVGO version is no longer supported. Upgrade to v2.x.x.\n\u001b[0m\u001b[91mnpm WARN deprecated urix@0.1.0: Please see https://github.com/lydell/urix#deprecated\n\u001b[0m\u001b[91mnpm WARN deprecated @ensdomains/ens@0.4.5: Please use @ensdomains/ens-contracts\n\u001b[0m\u001b[91mnpm WARN deprecated @ensdomains/resolver@0.2.4: Please use @ensdomains/ens-contracts\n\u001b[0m\u001b[91mnpm WARN deprecated @gnosis.pm/safe-react-gateway-sdk@2.10.3: Migrated to @safe-global/safe-gateway-typescript-sdk\n\u001b[0m\u001b[91mnpm WARN deprecated eth-sig-util@1.4.2: Deprecated in favor of '@metamask/eth-sig-util'\n\u001b[0m\u001b[91mnpm WARN deprecated eth-json-rpc-errors@2.0.2: Package renamed: https://www.npmjs.com/package/eth-rpc-errors\n\u001b[0m\u001b[91mnpm WARN deprecated ethereumjs-tx@1.3.7: New package name format for new versions: @ethereumjs/tx. Please update.\n\u001b[0m\u001b[91mnpm WARN deprecated ethereumjs-block@1.7.1: New package name format for new versions: @ethereumjs/block. Please update.\n\u001b[0m\u001b[91mnpm WARN deprecated ethereumjs-vm@2.6.0: New package name format for new versions: @ethereumjs/vm. Please update.\n\u001b[0m\u001b[91mnpm WARN deprecated request@2.88.2: request has been deprecated, see https://github.com/request/request/issues/3142\n\u001b[0m\u001b[91mnpm WARN deprecated ethereumjs-common@1.5.2: New package name format for new versions: @ethereumjs/common. Please update.\n\u001b[0m\u001b[91mnpm WARN deprecated @npmcli/move-file@1.1.2: This functionality has been moved to @npmcli/fs\n\u001b[0m\u001b[91mnpm WARN deprecated rollup-plugin-terser@5.3.1: This package has been deprecated and is no longer maintained. Please use @rollup/plugin-terser\n\u001b[0m\u001b[91mnpm WARN deprecated rollup-plugin-babel@4.4.0: This package has been deprecated and is no longer maintained. Please use @rollup/plugin-babel.\n\u001b[0m\u001b[91mnpm WARN deprecated @hapi/joi@15.1.1: Switch to 'npm install joi'\n\u001b[0m\u001b[91mnpm WARN deprecated fsevents@1.2.13: fsevents 1 will break on node v14+ and could be using insecure binaries. Upgrade to fsevents 2.\n\u001b[0m\u001b[91mnpm WARN deprecated resolve-url@0.2.1: https://github.com/lydell/resolve-url#deprecated\n\u001b[0m\u001b[91mnpm WARN deprecated sane@4.1.0: some dependency vulnerabilities fixed, support for node < 10 dropped, and newer ECMAScript syntax/features added\n\u001b[0m\u001b[91mnpm WARN deprecated cids@0.7.5: This module has been superseded by the multiformats module\n\u001b[0m\u001b[91mnpm WARN deprecated multicodec@0.5.7: This module has been superseded by the multiformats module\n\u001b[0m\u001b[91mnpm WARN deprecated testrpc@0.0.1: testrpc has been renamed to ganache-cli, please use this package from now on.\n\u001b[0m\u001b[91mnpm WARN deprecated axios@0.18.1: Critical security vulnerability fixed in v0.21.1. For more information, see https://github.com/axios/axios/pull/3410\n\u001b[0m\u001b[91mnpm WARN deprecated eth-json-rpc-errors@1.1.1: Package renamed: https://www.npmjs.com/package/eth-rpc-errors\n\u001b[0m\u001b[91mnpm WARN deprecated ethereumjs-block@2.2.2: New package name format for new versions: @ethereumjs/block. Please update.\n\u001b[0m\u001b[91mnpm WARN deprecated har-validator@5.1.5: this library is no longer supported\n\u001b[0m\u001b[91mnpm WARN deprecated safe-event-emitter@1.0.1: Renamed to @metamask/safe-event-emitter\n\u001b[0m\u001b[91mnpm WARN deprecated superagent@3.8.3: Please upgrade to v7.0.2+ of superagent.  We have fixed numerous issues with streams, form-data, attach(), filesystem errors not bubbling up (ENOENT on attach()), and all tests are now passing.  See the releases tab for more information at <https://github.com/visionmedia/superagent/releases>.\n\u001b[0m\u001b[91mnpm WARN deprecated uuid@2.0.1: Please upgrade  to version 7 or higher.  Older versions may use Math.random() in certain circumstances, which is known to be problematic.  See https://v8.dev/blog/math-random for details.\n\u001b[0m\u001b[91mnpm WARN deprecated @walletconnect/mobile-registry@1.4.0: Deprecated in favor of dynamic registry available from: https://github.com/walletconnect/walletconnect-registry\n\u001b[0m\u001b[91mnpm WARN deprecated flatten@1.0.3: flatten is deprecated in favor of utility frameworks such as lodash.\n\u001b[0m\u001b[91mnpm WARN deprecated mkdirp-promise@5.0.1: This package is broken and no longer maintained. 'mkdirp' itself supports promises now, please switch to that.\n\u001b[0m\u001b[91mnpm WARN deprecated @hapi/topo@3.1.6: This version has been deprecated and is no longer supported or maintained\n\u001b[0m\u001b[91mnpm WARN deprecated @hapi/hoek@8.5.1: This version has been deprecated and is no longer supported or maintained\n\u001b[0m\u001b[91mnpm WARN deprecated @hapi/address@2.1.4: Moved to 'npm install @sideway/address'\n\u001b[0m\u001b[91mnpm WARN deprecated circular-json@0.3.3: CircularJSON is in maintenance only, flatted is its successor.\n\u001b[0m\u001b[91mnpm WARN deprecated @hapi/bourne@1.3.2: This version has been deprecated and is no longer supported or maintained\n\u001b[0m\u001b[91mnpm WARN deprecated multicodec@1.0.4: This module has been superseded by the multiformats module\n\u001b[0m\u001b[91mnpm WARN deprecated multibase@0.6.1: This module has been superseded by the multiformats module\n\u001b[0m\u001b[91mnpm WARN deprecated multibase@0.7.0: This module has been superseded by the multiformats module\n\u001b[0m\u001b[91mnpm WARN deprecated formidable@1.2.6: Please upgrade to latest, formidable@v2 or formidable@v3! Check these notes: https://bit.ly/2ZEqIau\n\u001b[0m\u001b[91mnpm WARN deprecated sourcemap-codec@1.4.8: Please use @jridgewell/sourcemap-codec instead\n\u001b[0m\u001b[91mnpm WARN deprecated core-js@2.6.12: core-js@<3.23.3 is no longer maintained and not recommended for usage due to the number of issues. Because of the V8 engine whims, feature detection in old core-js versions could cause a slowdown up to 100x even if nothing is polyfilled. Some versions have web compatibility issues. Please, upgrade your dependencies to the actual version of core-js.\n\u001b[0m\u001b[91mnpm WARN deprecated uuid@3.3.2: Please upgrade  to version 7 or higher.  Older versions may use Math.random() in certain circumstances, which is known to be problematic.  See https://v8.dev/blog/math-random for details.\n\u001b[0m\n> bcrypto@5.4.0 install /builds/bloxapp/ssv-web/node_modules/bcrypto\n> node-gyp rebuild\n\nmake: Entering directory '/builds/bloxapp/ssv-web/node_modules/bcrypto/build'\n  CC(target) Release/obj.target/torsion/deps/torsion/src/aead.o\n  CC(target) Release/obj.target/torsion/deps/torsion/src/asn1.o\n  CC(target) Release/obj.target/torsion/deps/torsion/src/cipher.o\n  CC(target) Release/obj.target/torsion/deps/torsion/src/drbg.o\n  CC(target) Release/obj.target/torsion/deps/torsion/src/dsa.o\n  CC(target) Release/obj.target/torsion/deps/torsion/src/ecc.o\n  CC(target) Release/obj.target/torsion/deps/torsion/src/encoding.o\n  CC(target) Release/obj.target/torsion/deps/torsion/src/entropy/env.o\n  CC(target) Release/obj.target/torsion/deps/torsion/src/entropy/hw.o\n  CC(target) Release/obj.target/torsion/deps/torsion/src/entropy/sys.o\n  CC(target) Release/obj.target/torsion/deps/torsion/src/hash.o\n  CC(target) Release/obj.target/torsion/deps/torsion/src/ies.o\n  CC(target) Release/obj.target/torsion/deps/torsion/src/internal.o\n  CC(target) Release/obj.target/torsion/deps/torsion/src/kdf.o\n  CC(target) Release/obj.target/torsion/deps/torsion/src/mac.o\n  CC(target) Release/obj.target/torsion/deps/torsion/src/mpi.o\n  CC(target) Release/obj.target/torsion/deps/torsion/src/rand.o\n  CC(target) Release/obj.target/torsion/deps/torsion/src/rsa.o\n  CC(target) Release/obj.target/torsion/deps/torsion/src/stream.o\n  CC(target) Release/obj.target/torsion/deps/torsion/src/util.o\n  AR(target) Release/obj.target/torsion.a\n  COPY Release/torsion.a\n  CC(target) Release/obj.target/secp256k1/deps/secp256k1/contrib/lax_der_parsing.o\n  CC(target) Release/obj.target/secp256k1/deps/secp256k1/src/secp256k1.o\n  AR(target) Release/obj.target/secp256k1.a\n  COPY Release/secp256k1.a\n  CC(target) Release/obj.target/bcrypto/src/bcrypto.o\n  SOLINK_MODULE(target) Release/obj.target/bcrypto.node\n  COPY Release/bcrypto.node\nmake: Leaving directory '/builds/bloxapp/ssv-web/node_modules/bcrypto/build'\n\n> bufferutil@4.0.7 install /builds/bloxapp/ssv-web/node_modules/bufferutil\n> node-gyp-build\n\n\n> secp256k1@4.0.2 install /builds/bloxapp/ssv-web/node_modules/gridplus-sdk/node_modules/secp256k1\n> node-gyp-build || exit 0\n\n\n> classic-level@1.2.0 install /builds/bloxapp/ssv-web/node_modules/classic-level\n> node-gyp-build\n\n\n> keccak@1.4.0 install /builds/bloxapp/ssv-web/node_modules/@portis/web3/node_modules/keccak\n> npm run rebuild || echo \"Keccak bindings compilation fail. Pure JS implementation will be used.\"\n\n\n> keccak@1.4.0 rebuild /builds/bloxapp/ssv-web/node_modules/@portis/web3/node_modules/keccak\n> node-gyp rebuild\n\nmake: Entering directory '/builds/bloxapp/ssv-web/node_modules/@portis/web3/node_modules/keccak/build'\n  CXX(target) Release/obj.target/keccak/src/addon.o\n\u001b[91m../src/addon.cc: In static member function 'static Nan::NAN_METHOD_RETURN_TYPE KeccakWrapper::Initialize(Nan::NAN_METHOD_ARGS_TYPE)':\n../src/addon.cc:37:47: error: no matching function for call to 'v8::Value::IntegerValue()'\n   37 |     unsigned int rate = info[0]->IntegerValue();\n      |                                               ^\nIn file included from /root/.cache/node-gyp/12.22.6/include/node/node.h:67,\n                 from ../src/addon.cc:1:\n/root/.cache/node-gyp/12.22.6/include/node/v8.h:2705:40: note: candidate: 'v8::Maybe<long int> v8::Value::IntegerValue(v8::Local<v8::Context>) const'\n 2705 |   V8_WARN_UNUSED_RESULT Maybe<int64_t> IntegerValue(\n      |                                        ^~~~~~~~~~~~\n/root/.cache/node-gyp/12.22.6/include/node/v8.h:2705:40: note:   candidate expects 1 argument, 0 provided\n\u001b[0m\u001b[91m../src/addon.cc:38:51: error: no matching function for call to 'v8::Value::IntegerValue()'\n   38 |     unsigned int capacity = info[1]->IntegerValue();\n      |                                                   ^\n\u001b[0m\u001b[91mIn file included from /root/.cache/node-gyp/12.22.6/include/node/node.h:67,\n                 from ../src/addon.cc:1:\n/root/.cache/node-gyp/12.22.6/include/node/v8.h:2705:40: note: candidate: 'v8::Maybe<long int> v8::Value::IntegerValue(v8::Local<v8::Context>) const'\n 2705 |   V8_WARN_UNUSED_RESULT Maybe<int64_t> IntegerValue(\n      |                                        ^~~~~~~~~~~~\n/root/.cache/node-gyp/12.22.6/include/node/v8.h:2705:40: note:   candidate expects 1 argument, 0 provided\n\u001b[0m\u001b[91m../src/addon.cc: In static member function 'static Nan::NAN_METHOD_RETURN_TYPE KeccakWrapper::AbsorbLastFewBits(Nan::NAN_METHOD_ARGS_TYPE)':\n../src/addon.cc:56:48: error: no matching function for call to 'v8::Value::IntegerValue()'\n   56 |     unsigned char bits = info[0]->IntegerValue();\n      |                                                ^\nIn file included from /root/.cache/node-gyp/12.22.6/include/node/node.h:67,\n                 from ../src/addon.cc:1:\n/root/.cache/node-gyp/12.22.6/include/node/v8.h:2705:40: note: candidate: 'v8::Maybe<long int> v8::Value::IntegerValue(v8::Local<v8::Context>) const'\n 2705 |   V8_WARN_UNUSED_RESULT Maybe<int64_t> IntegerValue(\n      |                                        ^~~~~~~~~~~~\n/root/.cache/node-gyp/12.22.6/include/node/v8.h:2705:40: note:   candidate expects 1 argument, 0 provided\n\u001b[0m\u001b[91m../src/addon.cc: In static member function 'static Nan::NAN_METHOD_RETURN_TYPE KeccakWrapper::Squeeze(Nan::NAN_METHOD_ARGS_TYPE)':\n../src/addon.cc:64:43: error: no matching function for call to 'v8::Value::IntegerValue()'\n   64 |     size_t length = info[0]->IntegerValue();\n      |                                           ^\nIn file included from /root/.cache/node-gyp/12.22.6/include/node/node.h:67,\n                 from ../src/addon.cc:1:\n/root/.cache/node-gyp/12.22.6/include/node/v8.h:2705:40: note: candidate: 'v8::Maybe<long int> v8::Value::IntegerValue(v8::Local<v8::Context>) const'\n 2705 |   V8_WARN_UNUSED_RESULT Maybe<int64_t> IntegerValue(\n      |                                        ^~~~~~~~~~~~\n/root/.cache/node-gyp/12.22.6/include/node/v8.h:2705:40: note:   candidate expects 1 argument, 0 provided\n\u001b[0m\u001b[91m../src/addon.cc: In static member function 'static Nan::NAN_METHOD_RETURN_TYPE KeccakWrapper::Copy(Nan::NAN_METHOD_ARGS_TYPE)':\n../src/addon.cc:75:82: error: no matching function for call to 'v8::Value::ToObject()'\n   75 |     KeccakWrapper* to = Nan::ObjectWrap::Unwrap<KeccakWrapper>(info[0]->ToObject());\n      |                                                                                  ^\nIn file included from /root/.cache/node-gyp/12.22.6/include/node/node.h:67,\n                 from ../src/addon.cc:1:\n/root/.cache/node-gyp/12.22.6/include/node/v8.h:2672:44: note: candidate: 'v8::MaybeLocal<v8::Object> v8::Value::ToObject(v8::Local<v8::Context>) const'\n 2672 |   V8_WARN_UNUSED_RESULT MaybeLocal<Object> ToObject(\n      |                                            ^~~~~~~~\n/root/.cache/node-gyp/12.22.6/include/node/v8.h:2672:44: note:   candidate expects 1 argument, 0 provided\n\u001b[0m\u001b[91mIn file included from /root/.cache/node-gyp/12.22.6/include/node/v8-internal.h:14,\n                 from /root/.cache/node-gyp/12.22.6/include/node/v8.h:27,\n                 from /root/.cache/node-gyp/12.22.6/include/node/node.h:67,\n                 from ../src/addon.cc:1:\n/root/.cache/node-gyp/12.22.6/include/node/v8.h:2686:31: note: candidate: 'v8::Local<v8::Object> v8::Value::ToObject(v8::Isolate*) const'\n 2686 |                 Local<Object> ToObject(Isolate* isolate) const);\n      |                               ^~~~~~~~\n/root/.cache/node-gyp/12.22.6/include/node/v8config.h:328:3: note: in definition of macro 'V8_DEPRECATED'\n  328 |   declarator __attribute__((deprecated(message)))\n      |   ^~~~~~~~~~\n/root/.cache/node-gyp/12.22.6/include/node/v8.h:2686:31: note:   candidate expects 1 argument, 0 provided\n 2686 |                 Local<Object> ToObject(Isolate* isolate) const);\n      |                               ^~~~~~~~\n/root/.cache/node-gyp/12.22.6/include/node/v8config.h:328:3: note: in definition of macro 'V8_DEPRECATED'\n  328 |   declarator __attribute__((deprecated(message)))\n      |   ^~~~~~~~~~\n\u001b[0m\u001b[91mIn file included from ../src/addon.cc:1:\n../src/addon.cc: At global scope:\n/root/.cache/node-gyp/12.22.6/include/node/node.h:736:43: warning: cast between incompatible function types from 'void (*)(Nan::ADDON_REGISTER_FUNCTION_ARGS_TYPE, Nan::ADDON_REGISTER_FUNCTION_ARGS_TYPE)' {aka 'void (*)(v8::Local<v8::Object>, v8::Local<v8::Object>)'} to 'node::addon_register_func' {aka 'void (*)(v8::Local<v8::Object>, v8::Local<v8::Value>, void*)'} [-Wcast-function-type]\n  736 |       (node::addon_register_func) (regfunc),                          \\\n      |                                           ^\n/root/.cache/node-gyp/12.22.6/include/node/node.h:770:3: note: in expansion of macro 'NODE_MODULE_X'\n  770 |   NODE_MODULE_X(modname, regfunc, NULL, 0)  // NOLINT (readability/null_usage)\n      |   ^~~~~~~~~~~~~\n../src/addon.cc:86:1: note: in expansion of macro 'NODE_MODULE'\n   86 | NODE_MODULE(keccak, Init)\n      | ^~~~~~~~~~~\n\u001b[0m\u001b[91mmake: *** [keccak.target.mk:125: Release/obj.target/keccak/src/addon.o] Error 1\n\u001b[0mmake: Leaving directory '/builds/bloxapp/ssv-web/node_modules/@portis/web3/node_modules/keccak/build'\n\u001b[91mgyp\u001b[0m\u001b[91m \u001b[0m\u001b[91mERR! \u001b[0m\u001b[91mbuild error\u001b[0m\u001b[91m \n\u001b[0m\u001b[91mgyp \u001b[0m\u001b[91mERR! stack Error: `make` failed with exit code: 2\ngyp ERR! stack     at ChildProcess.onExit (/usr/lib/node_modules/npm/node_modules/node-gyp/lib/build.js:194:23)\ngyp ERR! stack     at ChildProcess.emit (events.js:314:20)\ngyp ERR! stack     at Process.ChildProcess._handle.onexit (internal/child_process.js:276:12)\n\u001b[0m\u001b[91mgyp \u001b[0m\u001b[91mERR! \u001b[0m\u001b[91mSystem\u001b[0m\u001b[91m Linux 5.4.0-113-generic\n\u001b[0m\u001b[91mgyp \u001b[0m\u001b[91mERR! \u001b[0m\u001b[91mcommand\u001b[0m\u001b[91m \"/usr/bin/node\" \"/usr/lib/node_modules/npm/node_modules/node-gyp/bin/node-gyp.js\" \"rebuild\"\n\u001b[0m\u001b[91mgyp\u001b[0m\u001b[91m \u001b[0m\u001b[91mERR!\u001b[0m\u001b[91m \u001b[0m\u001b[91mcwd\u001b[0m\u001b[91m /builds/bloxapp/ssv-web/node_modules/@portis/web3/node_modules/keccak\n\u001b[0m\u001b[91mgyp ERR!\u001b[0m\u001b[91m node -v\u001b[0m\u001b[91m v12.22.6\n\u001b[0m\u001b[91mgyp\u001b[0m\u001b[91m \u001b[0m\u001b[91mERR!\u001b[0m\u001b[91m \u001b[0m\u001b[91mnode-gyp -v\u001b[0m\u001b[91m v5.1.0\n\u001b[0m\u001b[91mgyp\u001b[0m\u001b[91m \u001b[0m\u001b[91mERR!\u001b[0m\u001b[91m \u001b[0m\u001b[91mnot ok\u001b[0m\u001b[91m \n\u001b[0m\u001b[91mnpm\u001b[0m\u001b[91m ERR!\u001b[0m\u001b[91m code\u001b[0m\u001b[91m ELIFECYCLE\n\u001b[0m\u001b[91mnpm\u001b[0m\u001b[91m ERR! \u001b[0m\u001b[91merrno 1\n\u001b[0m\u001b[91mnpm ERR!\u001b[0m\u001b[91m keccak@1.4.0 rebuild: `node-gyp rebuild`\nnpm ERR!\u001b[0m\u001b[91m Exit status 1\n\u001b[0m\u001b[91mnpm\u001b[0m\u001b[91m ERR! \nnpm \u001b[0m\u001b[91mERR! Failed at the keccak@1.4.0 rebuild script.\n\u001b[0m\u001b[91mnpm ERR!\u001b[0m\u001b[91m This is probably not a problem with npm. There is likely additional logging output above.\n\u001b[0m\u001b[91mnpm\u001b[0m\u001b[91m \u001b[0m\u001b[91mWARN\u001b[0m\u001b[91m Local package.json exists, but node_modules missing, did you mean to install?\n\u001b[0m\u001b[91m\n\u001b[0m\u001b[91mnpm ERR! A complete log of this run can be found in:\nnpm ERR!     /root/.npm/_logs/2022-12-27T22_08_28_782Z-debug.log\n\u001b[0mKeccak bindings compilation fail. Pure JS implementation will be used.\n\n> keccak@1.4.0 install /builds/bloxapp/ssv-web/node_modules/eip55/node_modules/keccak\n> npm run rebuild || echo \"Keccak bindings compilation fail. Pure JS implementation will be used.\"\n\n\n> keccak@1.4.0 rebuild /builds/bloxapp/ssv-web/node_modules/eip55/node_modules/keccak\n> node-gyp rebuild\n\nmake: Entering directory '/builds/bloxapp/ssv-web/node_modules/eip55/node_modules/keccak/build'\n  CXX(target) Release/obj.target/keccak/src/addon.o\n\u001b[91m../src/addon.cc: In static member function 'static Nan::NAN_METHOD_RETURN_TYPE KeccakWrapper::Initialize(Nan::NAN_METHOD_ARGS_TYPE)':\n../src/addon.cc:37:47: error: no matching function for call to 'v8::Value::IntegerValue()'\n   37 |     unsigned int rate = info[0]->IntegerValue();\n      |                                               ^\nIn file included from /root/.cache/node-gyp/12.22.6/include/node/node.h:67,\n                 from ../src/addon.cc:1:\n/root/.cache/node-gyp/12.22.6/include/node/v8.h:2705:40: note: candidate: 'v8::Maybe<long int> v8::Value::IntegerValue(v8::Local<v8::Context>) const'\n 2705 |   V8_WARN_UNUSED_RESULT Maybe<int64_t> IntegerValue(\n      |                                        ^~~~~~~~~~~~\n/root/.cache/node-gyp/12.22.6/include/node/v8.h:2705:40: note:   candidate expects 1 argument, 0 provided\n../src/addon.cc:38:51: error: no matching function for call to 'v8::Value::IntegerValue()'\n   38 |     unsigned int capacity = info[1]->IntegerValue();\n      |                                                   ^\nIn file included from /root/.cache/node-gyp/12.22.6/include/node/node.h:67,\n                 from ../src/addon.cc:1:\n/root/.cache/node-gyp/12.22.6/include/node/v8.h:2705:40: note: candidate: 'v8::Maybe<long int> v8::Value::IntegerValue(v8::Local<v8::Context>) const'\n 2705 |   V8_WARN_UNUSED_RESULT Maybe<int64_t> IntegerValue(\n      |                                        ^~~~~~~~~~~~\n/root/.cache/node-gyp/12.22.6/include/node/v8.h:2705:40: note:   candidate expects 1 argument, 0 provided\n\u001b[0m\u001b[91m../src/addon.cc: In static member function 'static Nan::NAN_METHOD_RETURN_TYPE KeccakWrapper::AbsorbLastFewBits(Nan::NAN_METHOD_ARGS_TYPE)':\n../src/addon.cc:56:48: error: no matching function for call to 'v8::Value::IntegerValue()'\n   56 |     unsigned char bits = info[0]->IntegerValue();\n      |                                                ^\nIn file included from /root/.cache/node-gyp/12.22.6/include/node/node.h:67,\n                 from ../src/addon.cc:1:\n/root/.cache/node-gyp/12.22.6/include/node/v8.h:2705:40: note: candidate: 'v8::Maybe<long int> v8::Value::IntegerValue(v8::Local<v8::Context>) const'\n 2705 |   V8_WARN_UNUSED_RESULT Maybe<int64_t> IntegerValue(\n      |                                        ^~~~~~~~~~~~\n/root/.cache/node-gyp/12.22.6/include/node/v8.h:2705:40: note:   candidate expects 1 argument, 0 provided\n\u001b[0m\u001b[91m../src/addon.cc: In static member function 'static Nan::NAN_METHOD_RETURN_TYPE KeccakWrapper::Squeeze(Nan::NAN_METHOD_ARGS_TYPE)':\n../src/addon.cc:64:43: error: no matching function for call to 'v8::Value::IntegerValue()'\n   64 |     size_t length = info[0]->IntegerValue();\n      |                                           ^\nIn file included from /root/.cache/node-gyp/12.22.6/include/node/node.h:67,\n                 from ../src/addon.cc:1:\n/root/.cache/node-gyp/12.22.6/include/node/v8.h:2705:40: note: candidate: 'v8::Maybe<long int> v8::Value::IntegerValue(v8::Local<v8::Context>) const'\n 2705 |   V8_WARN_UNUSED_RESULT Maybe<int64_t> IntegerValue(\n      |                                        ^~~~~~~~~~~~\n/root/.cache/node-gyp/12.22.6/include/node/v8.h:2705:40: note:   candidate expects 1 argument, 0 provided\n../src/addon.cc: In static member function 'static Nan::NAN_METHOD_RETURN_TYPE KeccakWrapper::Copy(Nan::NAN_METHOD_ARGS_TYPE)':\n../src/addon.cc:75:82: error: no matching function for call to 'v8::Value::ToObject()'\n   75 |     KeccakWrapper* to = Nan::ObjectWrap::Unwrap<KeccakWrapper>(info[0]->ToObject());\n      |                                                                                  ^\nIn file included from /root/.cache/node-gyp/12.22.6/include/node/node.h:67,\n                 from ../src/addon.cc:1:\n/root/.cache/node-gyp/12.22.6/include/node/v8.h:2672:44: note: candidate: 'v8::MaybeLocal<v8::Object> v8::Value::ToObject(v8::Local<v8::Context>) const'\n 2672 |   V8_WARN_UNUSED_RESULT MaybeLocal<Object> ToObject(\n      |                                            ^~~~~~~~\n/root/.cache/node-gyp/12.22.6/include/node/v8.h:2672:44: note:   candidate expects 1 argument, 0 provided\nIn file included from /root/.cache/node-gyp/12.22.6/include/node/v8-internal.h:14,\n                 from /root/.cache/node-gyp/12.22.6/include/node/v8.h:27,\n                 from /root/.cache/node-gyp/12.22.6/include/node/node.h:67,\n                 from ../src/addon.cc:1:\n/root/.cache/node-gyp/12.22.6/include/node/v8.h:2686:31: note: candidate: 'v8::Local<v8::Object> v8::Value::ToObject(v8::Isolate*) const'\n 2686 |                 Local<Object> ToObject(Isolate* isolate) const);\n      |                               ^~~~~~~~\n/root/.cache/node-gyp/12.22.6/include/node/v8config.h:328:3: note: in definition of macro 'V8_DEPRECATED'\n  328 |   declarator __attribute__((deprecated(message)))\n      |   ^~~~~~~~~~\n/root/.cache/node-gyp/12.22.6/include/node/v8.h:2686:31: note:   candidate expects 1 argument, 0 provided\n 2686 |                 Local<Object> ToObject(Isolate* isolate) const);\n      |                               ^~~~~~~~\n/root/.cache/node-gyp/12.22.6/include/node/v8config.h:328:3: note: in definition of macro 'V8_DEPRECATED'\n  328 |   declarator __attribute__((deprecated(message)))\n      |   ^~~~~~~~~~\nIn file included from ../src/addon.cc:1:\n../src/addon.cc: At global scope:\n/root/.cache/node-gyp/12.22.6/include/node/node.h:736:43: warning: cast between incompatible function types from 'void (*)(Nan::ADDON_REGISTER_FUNCTION_ARGS_TYPE, Nan::ADDON_REGISTER_FUNCTION_ARGS_TYPE)' {aka 'void (*)(v8::Local<v8::Object>, v8::Local<v8::Object>)'} to 'node::addon_register_func' {aka 'void (*)(v8::Local<v8::Object>, v8::Local<v8::Value>, void*)'} [-Wcast-function-type]\n  736 |       (node::addon_register_func) (regfunc),                          \\\n      |                                           ^\n/root/.cache/node-gyp/12.22.6/include/node/node.h:770:3: note: in expansion of macro 'NODE_MODULE_X'\n  770 |   NODE_MODULE_X(modname, regfunc, NULL, 0)  // NOLINT (readability/null_usage)\n      |   ^~~~~~~~~~~~~\n../src/addon.cc:86:1: note: in expansion of macro 'NODE_MODULE'\n   86 | NODE_MODULE(keccak, Init)\n      | ^~~~~~~~~~~\n\u001b[0m\u001b[91mmake: *** [keccak.target.mk:125: Release/obj.target/keccak/src/addon.o] Error 1\n\u001b[0mmake: Leaving directory '/builds/bloxapp/ssv-web/node_modules/eip55/node_modules/keccak/build'\n\u001b[91mgyp\u001b[0m\u001b[91m \u001b[0m\u001b[91mERR! \u001b[0m\u001b[91mbuild error\u001b[0m\u001b[91m \n\u001b[0m\u001b[91mgyp \u001b[0m\u001b[91mERR! \u001b[0m\u001b[91mstack\u001b[0m\u001b[91m Error: `make` failed with exit code: 2\n\u001b[0m\u001b[91mgyp\u001b[0m\u001b[91m \u001b[0m\u001b[91mERR! \u001b[0m\u001b[91mstack\u001b[0m\u001b[91m     at ChildProcess.onExit (/usr/lib/node_modules/npm/node_modules/node-gyp/lib/build.js:194:23)\ngyp\u001b[0m\u001b[91m ERR!\u001b[0m\u001b[91m stack     at ChildProcess.emit (events.js:314:20)\n\u001b[0m\u001b[91mgyp \u001b[0m\u001b[91mERR!\u001b[0m\u001b[91m \u001b[0m\u001b[91mstack\u001b[0m\u001b[91m     at Process.ChildProcess._handle.onexit (internal/child_process.js:276:12)\n\u001b[0m\u001b[91mgyp\u001b[0m\u001b[91m ERR!\u001b[0m\u001b[91m \u001b[0m\u001b[91mSystem Linux 5.4.0-113-generic\n\u001b[0m\u001b[91mgyp \u001b[0m\u001b[91mERR!\u001b[0m\u001b[91m command \"/usr/bin/node\" \"/usr/lib/node_modules/npm/node_modules/node-gyp/bin/node-gyp.js\" \"rebuild\"\n\u001b[0m\u001b[91mgyp \u001b[0m\u001b[91mERR!\u001b[0m\u001b[91m \u001b[0m\u001b[91mcwd /builds/bloxapp/ssv-web/node_modules/eip55/node_modules/keccak\n\u001b[0m\u001b[91mgyp \u001b[0m\u001b[91mERR!\u001b[0m\u001b[91m \u001b[0m\u001b[91mnode -v\u001b[0m\u001b[91m v12.22.6\n\u001b[0m\u001b[91mgyp \u001b[0m\u001b[91mERR!\u001b[0m\u001b[91m node-gyp -v\u001b[0m\u001b[91m v5.1.0\n\u001b[0m\u001b[91mgyp\u001b[0m\u001b[91m \u001b[0m\u001b[91mERR!\u001b[0m\u001b[91m \u001b[0m\u001b[91mnot ok \n\u001b[0m\u001b[91mnpm\u001b[0m\u001b[91m \u001b[0m\u001b[91mERR! \u001b[0m\u001b[91mcode\u001b[0m\u001b[91m ELIFECYCLE\n\u001b[0m\u001b[91mnpm\u001b[0m\u001b[91m ERR!\u001b[0m\u001b[91m \u001b[0m\u001b[91merrno\u001b[0m\u001b[91m 1\n\u001b[0m\u001b[91mnpm ERR!\u001b[0m\u001b[91m keccak@1.4.0 rebuild: `node-gyp rebuild`\nnpm\u001b[0m\u001b[91m ERR!\u001b[0m\u001b[91m Exit status 1\nnpm\u001b[0m\u001b[91m ERR!\u001b[0m\u001b[91m \n\u001b[0m\u001b[91mnpm \u001b[0m\u001b[91mERR! Failed at the keccak@1.4.0 rebuild script.\nnpm ERR! This is probably not a problem with npm. There is likely additional logging output above.\n\u001b[0m\u001b[91mnpm WARN\u001b[0m\u001b[91m Local package.json exists, but node_modules missing, did you mean to install?\n\u001b[0m\u001b[91m\n\u001b[0m\u001b[91mnpm \u001b[0m\u001b[91mERR!\u001b[0m\u001b[91m A complete log of this run can be found in:\nnpm \u001b[0m\u001b[91mERR!\u001b[0m\u001b[91m     /root/.npm/_logs/2022-12-27T22_08_30_572Z-debug.log\n\u001b[0mKeccak bindings compilation fail. Pure JS implementation will be used.\n\n> secp256k1@4.0.3 install /builds/bloxapp/ssv-web/node_modules/secp256k1\n> node-gyp-build || exit 0\n\n\n> utf-8-validate@5.0.10 install /builds/bloxapp/ssv-web/node_modules/utf-8-validate\n> node-gyp-build\n\n\n> secp256k1@3.8.0 install /builds/bloxapp/ssv-web/node_modules/@portis/web3/node_modules/secp256k1\n> npm run rebuild || echo \"Secp256k1 bindings compilation fail. Pure JS implementation will be used.\"\n\n\n> secp256k1@3.8.0 rebuild /builds/bloxapp/ssv-web/node_modules/@portis/web3/node_modules/secp256k1\n> node-gyp rebuild\n\nmake: Entering directory '/builds/bloxapp/ssv-web/node_modules/@portis/web3/node_modules/secp256k1/build'\n  CXX(target) Release/obj.target/secp256k1/src/addon.o\n\u001b[91mIn file included from ../src/addon.cc:1:\n/root/.cache/node-gyp/12.22.6/include/node/node.h:736:43: warning: cast between incompatible function types from 'void (*)(Nan::ADDON_REGISTER_FUNCTION_ARGS_TYPE)' {aka 'void (*)(v8::Local<v8::Object>)'} to 'node::addon_register_func' {aka 'void (*)(v8::Local<v8::Object>, v8::Local<v8::Value>, void*)'} [-Wcast-function-type]\n  736 |       (node::addon_register_func) (regfunc),                          \\\n      |                                           ^\n/root/.cache/node-gyp/12.22.6/include/node/node.h:770:3: note: in expansion of macro 'NODE_MODULE_X'\n  770 |   NODE_MODULE_X(modname, regfunc, NULL, 0)  // NOLINT (readability/null_usage)\n      |   ^~~~~~~~~~~~~\n../src/addon.cc:50:1: note: in expansion of macro 'NODE_MODULE'\n   50 | NODE_MODULE(secp256k1, Init)\n      | ^~~~~~~~~~~\n\u001b[0m  CXX(target) Release/obj.target/secp256k1/src/privatekey.o\n\u001b[91m../src/privatekey.cc: In function 'Nan::NAN_METHOD_RETURN_TYPE privateKeyNegate(Nan::NAN_METHOD_ARGS_TYPE)':\n../src/privatekey.cc:73:30: warning: ignoring return value of 'int secp256k1_ec_privkey_negate(const secp256k1_context*, unsigned char*)', declared with attribute warn_unused_result [-Wunused-result]\n   73 |   secp256k1_ec_privkey_negate(secp256k1ctx, &private_key[0]);\n      |   ~~~~~~~~~~~~~~~~~~~~~~~~~~~^~~~~~~~~~~~~~~~~~~~~~~~~~~~~~~\n\u001b[0m  CXX(target) Release/obj.target/secp256k1/src/publickey.o\n  CXX(target) Release/obj.target/secp256k1/src/signature.o\n  CXX(target) Release/obj.target/secp256k1/src/ecdsa.o\n\u001b[91m../src/ecdsa.cc: In function 'Nan::NAN_METHOD_RETURN_TYPE sign(Nan::NAN_METHOD_ARGS_TYPE)':\n../src/ecdsa.cc:88:131: warning: ignoring return value of 'v8::Maybe<bool> v8::Object::Set(v8::Local<v8::Context>, v8::Local<v8::Value>, v8::Local<v8::Value>)', declared with attribute warn_unused_result [-Wunused-result]\n   88 |   obj->Set(info.GetIsolate()->GetCurrentContext(), Nan::New<v8::String>(\"signature\").ToLocalChecked(), COPY_BUFFER(&output[0], 64));\n      |                                                                                                                                   ^\nIn file included from /root/.cache/node-gyp/12.22.6/include/node/node.h:67,\n                 from ../src/ecdsa.cc:1:\n/root/.cache/node-gyp/12.22.6/include/node/v8.h:3504:37: note: declared here\n 3504 |   V8_WARN_UNUSED_RESULT Maybe<bool> Set(Local<Context> context,\n      |                                     ^~~\n\u001b[0m\u001b[91m../src/ecdsa.cc:89:130: warning: ignoring return value of 'v8::Maybe<bool> v8::Object::Set(v8::Local<v8::Context>, v8::Local<v8::Value>, v8::Local<v8::Value>)', declared with attribute warn_unused_result [-Wunused-result]\n   89 |   obj->Set(info.GetIsolate()->GetCurrentContext(), Nan::New<v8::String>(\"recovery\").ToLocalChecked(), Nan::New<v8::Number>(recid));\n      |                                                                                                                                  ^\nIn file included from /root/.cache/node-gyp/12.22.6/include/node/node.h:67,\n                 from ../src/ecdsa.cc:1:\n/root/.cache/node-gyp/12.22.6/include/node/v8.h:3504:37: note: declared here\n 3504 |   V8_WARN_UNUSED_RESULT Maybe<bool> Set(Local<Context> context,\n      |                                     ^~~\n\u001b[0m  CXX(target) Release/obj.target/secp256k1/src/ecdh.o\n  CC(target) Release/obj.target/secp256k1/src/secp256k1-src/src/secp256k1.o\n  CC(target) Release/obj.target/secp256k1/src/secp256k1-src/contrib/lax_der_parsing.o\n  CC(target) Release/obj.target/secp256k1/src/secp256k1-src/contrib/lax_der_privatekey_parsing.o\n  SOLINK_MODULE(target) Release/obj.target/secp256k1.node\n  COPY Release/secp256k1.node\nmake: Leaving directory '/builds/bloxapp/ssv-web/node_modules/@portis/web3/node_modules/secp256k1/build'\n\n> secp256k1@3.8.0 install /builds/bloxapp/ssv-web/node_modules/ethereum-private-key-to-public-key/node_modules/secp256k1\n> npm run rebuild || echo \"Secp256k1 bindings compilation fail. Pure JS implementation will be used.\"\n\n\n> secp256k1@3.8.0 rebuild /builds/bloxapp/ssv-web/node_modules/ethereum-private-key-to-public-key/node_modules/secp256k1\n> node-gyp rebuild\n\nmake: Entering directory '/builds/bloxapp/ssv-web/node_modules/ethereum-private-key-to-public-key/node_modules/secp256k1/build'\n  CXX(target) Release/obj.target/secp256k1/src/addon.o\n\u001b[91mIn file included from ../src/addon.cc:1:\n/root/.cache/node-gyp/12.22.6/include/node/node.h:736:43: warning: cast between incompatible function types from 'void (*)(Nan::ADDON_REGISTER_FUNCTION_ARGS_TYPE)' {aka 'void (*)(v8::Local<v8::Object>)'} to 'node::addon_register_func' {aka 'void (*)(v8::Local<v8::Object>, v8::Local<v8::Value>, void*)'} [-Wcast-function-type]\n  736 |       (node::addon_register_func) (regfunc),                          \\\n      |                                           ^\n/root/.cache/node-gyp/12.22.6/include/node/node.h:770:3: note: in expansion of macro 'NODE_MODULE_X'\n  770 |   NODE_MODULE_X(modname, regfunc, NULL, 0)  // NOLINT (readability/null_usage)\n      |   ^~~~~~~~~~~~~\n../src/addon.cc:50:1: note: in expansion of macro 'NODE_MODULE'\n   50 | NODE_MODULE(secp256k1, Init)\n      | ^~~~~~~~~~~\n\u001b[0m  CXX(target) Release/obj.target/secp256k1/src/privatekey.o\n\u001b[91m../src/privatekey.cc: In function 'Nan::NAN_METHOD_RETURN_TYPE privateKeyNegate(Nan::NAN_METHOD_ARGS_TYPE)':\n../src/privatekey.cc:73:30: warning: ignoring return value of 'int secp256k1_ec_privkey_negate(const secp256k1_context*, unsigned char*)', declared with attribute warn_unused_result [-Wunused-result]\n   73 |   secp256k1_ec_privkey_negate(secp256k1ctx, &private_key[0]);\n      |   ~~~~~~~~~~~~~~~~~~~~~~~~~~~^~~~~~~~~~~~~~~~~~~~~~~~~~~~~~~\n\u001b[0m  CXX(target) Release/obj.target/secp256k1/src/publickey.o\n  CXX(target) Release/obj.target/secp256k1/src/signature.o\n  CXX(target) Release/obj.target/secp256k1/src/ecdsa.o\n\u001b[91m../src/ecdsa.cc: In function 'Nan::NAN_METHOD_RETURN_TYPE sign(Nan::NAN_METHOD_ARGS_TYPE)':\n../src/ecdsa.cc:88:131: warning: ignoring return value of 'v8::Maybe<bool> v8::Object::Set(v8::Local<v8::Context>, v8::Local<v8::Value>, v8::Local<v8::Value>)', declared with attribute warn_unused_result [-Wunused-result]\n   88 |   obj->Set(info.GetIsolate()->GetCurrentContext(), Nan::New<v8::String>(\"signature\").ToLocalChecked(), COPY_BUFFER(&output[0], 64));\n      |                                                                                                                                   ^\nIn file included from /root/.cache/node-gyp/12.22.6/include/node/node.h:67,\n                 from ../src/ecdsa.cc:1:\n/root/.cache/node-gyp/12.22.6/include/node/v8.h:3504:37: note: declared here\n 3504 |   V8_WARN_UNUSED_RESULT Maybe<bool> Set(Local<Context> context,\n      |                                     ^~~\n\u001b[0m\u001b[91m../src/ecdsa.cc:89:130: warning: ignoring return value of 'v8::Maybe<bool> v8::Object::Set(v8::Local<v8::Context>, v8::Local<v8::Value>, v8::Local<v8::Value>)', declared with attribute warn_unused_result [-Wunused-result]\n   89 |   obj->Set(info.GetIsolate()->GetCurrentContext(), Nan::New<v8::String>(\"recovery\").ToLocalChecked(), Nan::New<v8::Number>(recid));\n      |                                                                                                                                  ^\nIn file included from /root/.cache/node-gyp/12.22.6/include/node/node.h:67,\n                 from ../src/ecdsa.cc:1:\n/root/.cache/node-gyp/12.22.6/include/node/v8.h:3504:37: note: declared here\n 3504 |   V8_WARN_UNUSED_RESULT Maybe<bool> Set(Local<Context> context,\n      |                                     ^~~\n\u001b[0m  CXX(target) Release/obj.target/secp256k1/src/ecdh.o\n  CC(target) Release/obj.target/secp256k1/src/secp256k1-src/src/secp256k1.o\n  CC(target) Release/obj.target/secp256k1/src/secp256k1-src/contrib/lax_der_parsing.o\n  CC(target) Release/obj.target/secp256k1/src/secp256k1-src/contrib/lax_der_privatekey_parsing.o\n  SOLINK_MODULE(target) Release/obj.target/secp256k1.node\n  COPY Release/secp256k1.node\nmake: Leaving directory '/builds/bloxapp/ssv-web/node_modules/ethereum-private-key-to-public-key/node_modules/secp256k1/build'\n\n> secp256k1@3.8.0 install /builds/bloxapp/ssv-web/node_modules/ethereum-public-key-to-address/node_modules/secp256k1\n> npm run rebuild || echo \"Secp256k1 bindings compilation fail. Pure JS implementation will be used.\"\n\n\n> secp256k1@3.8.0 rebuild /builds/bloxapp/ssv-web/node_modules/ethereum-public-key-to-address/node_modules/secp256k1\n> node-gyp rebuild\n\nmake: Entering directory '/builds/bloxapp/ssv-web/node_modules/ethereum-public-key-to-address/node_modules/secp256k1/build'\n  CXX(target) Release/obj.target/secp256k1/src/addon.o\n\u001b[91mIn file included from ../src/addon.cc:1:\n/root/.cache/node-gyp/12.22.6/include/node/node.h:736:43: warning: cast between incompatible function types from 'void (*)(Nan::ADDON_REGISTER_FUNCTION_ARGS_TYPE)' {aka 'void (*)(v8::Local<v8::Object>)'} to 'node::addon_register_func' {aka 'void (*)(v8::Local<v8::Object>, v8::Local<v8::Value>, void*)'} [-Wcast-function-type]\n  736 |       (node::addon_register_func) (regfunc),                          \\\n      |                                           ^\n/root/.cache/node-gyp/12.22.6/include/node/node.h:770:3: note: in expansion of macro 'NODE_MODULE_X'\n  770 |   NODE_MODULE_X(modname, regfunc, NULL, 0)  // NOLINT (readability/null_usage)\n      |   ^~~~~~~~~~~~~\n../src/addon.cc:50:1: note: in expansion of macro 'NODE_MODULE'\n   50 | NODE_MODULE(secp256k1, Init)\n      | ^~~~~~~~~~~\n\u001b[0m  CXX(target) Release/obj.target/secp256k1/src/privatekey.o\n\u001b[91m../src/privatekey.cc: In function 'Nan::NAN_METHOD_RETURN_TYPE privateKeyNegate(Nan::NAN_METHOD_ARGS_TYPE)':\n../src/privatekey.cc:73:30: warning: ignoring return value of 'int secp256k1_ec_privkey_negate(const secp256k1_context*, unsigned char*)', declared with attribute warn_unused_result [-Wunused-result]\n   73 |   secp256k1_ec_privkey_negate(secp256k1ctx, &private_key[0]);\n      |   ~~~~~~~~~~~~~~~~~~~~~~~~~~~^~~~~~~~~~~~~~~~~~~~~~~~~~~~~~~\n\u001b[0m  CXX(target) Release/obj.target/secp256k1/src/publickey.o\n  CXX(target) Release/obj.target/secp256k1/src/signature.o\n  CXX(target) Release/obj.target/secp256k1/src/ecdsa.o\n\u001b[91m../src/ecdsa.cc: In function 'Nan::NAN_METHOD_RETURN_TYPE sign(Nan::NAN_METHOD_ARGS_TYPE)':\n../src/ecdsa.cc:88:131: warning: ignoring return value of 'v8::Maybe<bool> v8::Object::Set(v8::Local<v8::Context>, v8::Local<v8::Value>, v8::Local<v8::Value>)', declared with attribute warn_unused_result [-Wunused-result]\n   88 |   obj->Set(info.GetIsolate()->GetCurrentContext(), Nan::New<v8::String>(\"signature\").ToLocalChecked(), COPY_BUFFER(&output[0], 64));\n      |                                                                                                                                   ^\nIn file included from /root/.cache/node-gyp/12.22.6/include/node/node.h:67,\n                 from ../src/ecdsa.cc:1:\n/root/.cache/node-gyp/12.22.6/include/node/v8.h:3504:37: note: declared here\n 3504 |   V8_WARN_UNUSED_RESULT Maybe<bool> Set(Local<Context> context,\n      |                                     ^~~\n\u001b[0m\u001b[91m../src/ecdsa.cc:89:130: warning: ignoring return value of 'v8::Maybe<bool> v8::Object::Set(v8::Local<v8::Context>, v8::Local<v8::Value>, v8::Local<v8::Value>)', declared with attribute warn_unused_result [-Wunused-result]\n   89 |   obj->Set(info.GetIsolate()->GetCurrentContext(), Nan::New<v8::String>(\"recovery\").ToLocalChecked(), Nan::New<v8::Number>(recid));\n      |                                                                                                                                  ^\nIn file included from /root/.cache/node-gyp/12.22.6/include/node/node.h:67,\n                 from ../src/ecdsa.cc:1:\n/root/.cache/node-gyp/12.22.6/include/node/v8.h:3504:37: note: declared here\n 3504 |   V8_WARN_UNUSED_RESULT Maybe<bool> Set(Local<Context> context,\n      |                                     ^~~\n\u001b[0m  CXX(target) Release/obj.target/secp256k1/src/ecdh.o\n  CC(target) Release/obj.target/secp256k1/src/secp256k1-src/src/secp256k1.o\n  CC(target) Release/obj.target/secp256k1/src/secp256k1-src/contrib/lax_der_parsing.o\n  CC(target) Release/obj.target/secp256k1/src/secp256k1-src/contrib/lax_der_privatekey_parsing.o\n  SOLINK_MODULE(target) Release/obj.target/secp256k1.node\n  COPY Release/secp256k1.node\nmake: Leaving directory '/builds/bloxapp/ssv-web/node_modules/ethereum-public-key-to-address/node_modules/secp256k1/build'\n\n> tiny-secp256k1@1.1.6 install /builds/bloxapp/ssv-web/node_modules/tiny-secp256k1\n> npm run build || echo \"secp256k1 bindings compilation fail. Pure JS implementation will be used.\"\n\n\n> tiny-secp256k1@1.1.6 build /builds/bloxapp/ssv-web/node_modules/tiny-secp256k1\n> node-gyp rebuild\n\nmake: Entering directory '/builds/bloxapp/ssv-web/node_modules/tiny-secp256k1/build'\n  CXX(target) Release/obj.target/secp256k1/native/addon.o\n\u001b[91mIn file included from ../../nan/nan.h:60,\n                 from ../native/addon.cpp:4:\n/root/.cache/node-gyp/12.22.6/include/node/node.h:736:43: warning: cast between incompatible function types from 'void (*)(Nan::ADDON_REGISTER_FUNCTION_ARGS_TYPE)' {aka 'void (*)(v8::Local<v8::Object>)'} to 'node::addon_register_func' {aka 'void (*)(v8::Local<v8::Object>, v8::Local<v8::Value>, void*)'} [-Wcast-function-type]\n  736 |       (node::addon_register_func) (regfunc),                          \\\n      |                                           ^\n/root/.cache/node-gyp/12.22.6/include/node/node.h:770:3: note: in expansion of macro 'NODE_MODULE_X'\n  770 |   NODE_MODULE_X(modname, regfunc, NULL, 0)  // NOLINT (readability/null_usage)\n      |   ^~~~~~~~~~~~~\n../native/addon.cpp:372:1: note: in expansion of macro 'NODE_MODULE'\n  372 | NODE_MODULE(secp256k1, Init)\n      | ^~~~~~~~~~~\n\u001b[0m\u001b[91m../native/addon.cpp: In instantiation of 'unsigned int {anonymous}::assumeCompression(const I&, const A&) [with long unsigned int index = 2; I = Nan::FunctionCallbackInfo<v8::Value>; A = v8::Local<v8::Object>]':\n../native/addon.cpp:151:50:   required from here\n../native/addon.cpp:80:21: warning: comparison of integer expressions of different signedness: 'int' and 'long unsigned int' [-Wsign-compare]\n   80 |   if (info.Length() <= index || info[index]->IsUndefined()) {\n\u001b[0m\u001b[91m../native/addon.cpp: In instantiation of 'unsigned int {anonymous}::assumeCompression(const I&, const A&) [with long unsigned int index = 1; I = Nan::FunctionCallbackInfo<v8::Value>; A = v8::Local<v8::Object>]':\n../native/addon.cpp:183:49:   required from here\n../native/addon.cpp:80:21: warning: comparison of integer expressions of different signedness: 'int' and 'long unsigned int' [-Wsign-compare]\n\u001b[0m\u001b[91m../native/addon.cpp: In instantiation of 'unsigned int {anonymous}::assumeCompression(const I&) [with long unsigned int index = 1; I = Nan::FunctionCallbackInfo<v8::Value>]':\n../native/addon.cpp:198:46:   required from here\n../native/addon.cpp:92:21: warning: comparison of integer expressions of different signedness: 'int' and 'long unsigned int' [-Wsign-compare]\n   92 |   if (info.Length() <= index) return SECP256K1_EC_COMPRESSED;\n\u001b[0m\u001b[91m../native/addon.cpp: In function 'Nan::NAN_METHOD_RETURN_TYPE eccPrivateSub(Nan::NAN_METHOD_ARGS_TYPE)':\n../native/addon.cpp:249:29: warning: ignoring return value of 'int secp256k1_ec_privkey_negate(const secp256k1_context*, unsigned char*)', declared with attribute warn_unused_result [-Wunused-result]\n  249 |  secp256k1_ec_privkey_negate(context, tweak_negated); // returns 1 always\n      |  ~~~~~~~~~~~~~~~~~~~~~~~~~~~^~~~~~~~~~~~~~~~~~~~~~~~\n\u001b[0m  CC(target) Release/obj.target/secp256k1/native/secp256k1/src/secp256k1.o\n\u001b[91mIn file included from ../native/secp256k1/src/assumptions.h:12,\n                 from ../native/secp256k1/src/secp256k1.c:10:\n../native/secp256k1/src/secp256k1.c: In function 'secp256k1_context_preallocated_clone':\n../native/secp256k1/src/secp256k1.c:30:16: warning: nonnull argument 'prealloc' compared to NULL [-Wnonnull-compare]\n   30 |     if (EXPECT(!(cond), 0)) { \\\n../native/secp256k1/src/util.h:41:39: note: in definition of macro 'EXPECT'\n   41 | #define EXPECT(x,c) __builtin_expect((x),(c))\n      |                                       ^\n../native/secp256k1/src/secp256k1.c:168:5: note: in expansion of macro 'ARG_CHECK'\n  168 |     ARG_CHECK(prealloc != NULL);\n      |     ^~~~~~~~~\n\u001b[0m\u001b[91m../native/secp256k1/src/secp256k1.c: In function 'secp256k1_ec_pubkey_parse':\n../native/secp256k1/src/secp256k1.c:30:16: warning: nonnull argument 'pubkey' compared to NULL [-Wnonnull-compare]\n   30 |     if (EXPECT(!(cond), 0)) { \\\n../native/secp256k1/src/util.h:41:39: note: in definition of macro 'EXPECT'\n   41 | #define EXPECT(x,c) __builtin_expect((x),(c))\n      |                                       ^\n../native/secp256k1/src/secp256k1.c:283:5: note: in expansion of macro 'ARG_CHECK'\n  283 |     ARG_CHECK(pubkey != NULL);\n      |     ^~~~~~~~~\n\u001b[0m\u001b[91m../native/secp256k1/src/secp256k1.c:30:16: warning: nonnull argument 'input' compared to NULL [-Wnonnull-compare]\n   30 |     if (EXPECT(!(cond), 0)) { \\\n../native/secp256k1/src/util.h:41:39: note: in definition of macro 'EXPECT'\n   41 | #define EXPECT(x,c) __builtin_expect((x),(c))\n      |                                       ^\n../native/secp256k1/src/secp256k1.c:285:5: note: in expansion of macro 'ARG_CHECK'\n  285 |     ARG_CHECK(input != NULL);\n      |     ^~~~~~~~~\n../native/secp256k1/src/secp256k1.c: In function 'secp256k1_ec_pubkey_serialize':\n../native/secp256k1/src/secp256k1.c:30:16: warning: nonnull argument 'output' compared to NULL [-Wnonnull-compare]\n   30 |     if (EXPECT(!(cond), 0)) { \\\n../native/secp256k1/src/util.h:41:39: note: in definition of macro 'EXPECT'\n   41 | #define EXPECT(x,c) __builtin_expect((x),(c))\n      |                                       ^\n../native/secp256k1/src/secp256k1.c:307:5: note: in expansion of macro 'ARG_CHECK'\n  307 |     ARG_CHECK(output != NULL);\n      |     ^~~~~~~~~\n\u001b[0m\u001b[91m../native/secp256k1/src/secp256k1.c:30:16: warning: nonnull argument 'outputlen' compared to NULL [-Wnonnull-compare]\n   30 |     if (EXPECT(!(cond), 0)) { \\\n../native/secp256k1/src/util.h:41:39: note: in definition of macro 'EXPECT'\n   41 | #define EXPECT(x,c) __builtin_expect((x),(c))\n      |                                       ^\n../native/secp256k1/src/secp256k1.c:303:5: note: in expansion of macro 'ARG_CHECK'\n  303 |     ARG_CHECK(outputlen != NULL);\n      |     ^~~~~~~~~\n\u001b[0m\u001b[91m../native/secp256k1/src/secp256k1.c:30:16: warning: nonnull argument 'pubkey' compared to NULL [-Wnonnull-compare]\n   30 |     if (EXPECT(!(cond), 0)) { \\\n../native/secp256k1/src/util.h:41:39: note: in definition of macro 'EXPECT'\n   41 | #define EXPECT(x,c) __builtin_expect((x),(c))\n      |                                       ^\n../native/secp256k1/src/secp256k1.c:309:5: note: in expansion of macro 'ARG_CHECK'\n  309 |     ARG_CHECK(pubkey != NULL);\n      |     ^~~~~~~~~\n../native/secp256k1/src/secp256k1.c: In function 'secp256k1_ecdsa_signature_parse_der':\n\u001b[0m\u001b[91m../native/secp256k1/src/secp256k1.c:30:16: warning: nonnull argument 'sig' compared to NULL [-Wnonnull-compare]\n   30 |     if (EXPECT(!(cond), 0)) { \\\n../native/secp256k1/src/util.h:41:39: note: in definition of macro 'EXPECT'\n   41 | #define EXPECT(x,c) __builtin_expect((x),(c))\n      |                                       ^\n../native/secp256k1/src/secp256k1.c:348:5: note: in expansion of macro 'ARG_CHECK'\n  348 |     ARG_CHECK(sig != NULL);\n      |     ^~~~~~~~~\n\u001b[0m\u001b[91m../native/secp256k1/src/secp256k1.c:30:16: warning: nonnull argument 'input' compared to NULL [-Wnonnull-compare]\n   30 |     if (EXPECT(!(cond), 0)) { \\\n../native/secp256k1/src/util.h:41:39: note: in definition of macro 'EXPECT'\n   41 | #define EXPECT(x,c) __builtin_expect((x),(c))\n      |                                       ^\n../native/secp256k1/src/secp256k1.c:349:5: note: in expansion of macro 'ARG_CHECK'\n  349 |     ARG_CHECK(input != NULL);\n      |     ^~~~~~~~~\n\u001b[0m\u001b[91m../native/secp256k1/src/secp256k1.c: In function 'secp256k1_ecdsa_signature_parse_compact':\n\u001b[0m\u001b[91m../native/secp256k1/src/secp256k1.c:30:16: warning: nonnull argument 'sig' compared to NULL [-Wnonnull-compare]\n   30 |     if (EXPECT(!(cond), 0)) { \\\n../native/secp256k1/src/util.h:41:39: note: in definition of macro 'EXPECT'\n   41 | #define EXPECT(x,c) __builtin_expect((x),(c))\n      |                                       ^\n../native/secp256k1/src/secp256k1.c:366:5: note: in expansion of macro 'ARG_CHECK'\n  366 |     ARG_CHECK(sig != NULL);\n      |     ^~~~~~~~~\n../native/secp256k1/src/secp256k1.c:30:16: warning: nonnull argument 'input64' compared to NULL [-Wnonnull-compare]\n   30 |     if (EXPECT(!(cond), 0)) { \\\n../native/secp256k1/src/util.h:41:39: note: in definition of macro 'EXPECT'\n   41 | #define EXPECT(x,c) __builtin_expect((x),(c))\n      |                                       ^\n../native/secp256k1/src/secp256k1.c:367:5: note: in expansion of macro 'ARG_CHECK'\n  367 |     ARG_CHECK(input64 != NULL);\n      |     ^~~~~~~~~\n\u001b[0m\u001b[91m../native/secp256k1/src/secp256k1.c: In function 'secp256k1_ecdsa_signature_serialize_der':\n../native/secp256k1/src/secp256k1.c:30:16: warning: nonnull argument 'output' compared to NULL [-Wnonnull-compare]\n   30 |     if (EXPECT(!(cond), 0)) { \\\n../native/secp256k1/src/util.h:41:39: note: in definition of macro 'EXPECT'\n   41 | #define EXPECT(x,c) __builtin_expect((x),(c))\n      |                                       ^\n../native/secp256k1/src/secp256k1.c:385:5: note: in expansion of macro 'ARG_CHECK'\n  385 |     ARG_CHECK(output != NULL);\n      |     ^~~~~~~~~\n\u001b[0m\u001b[91m../native/secp256k1/src/secp256k1.c:30:16: warning: nonnull argument 'outputlen' compared to NULL [-Wnonnull-compare]\n   30 |     if (EXPECT(!(cond), 0)) { \\\n../native/secp256k1/src/util.h:41:39: note: in definition of macro 'EXPECT'\n   41 | #define EXPECT(x,c) __builtin_expect((x),(c))\n      |                                       ^\n../native/secp256k1/src/secp256k1.c:386:5: note: in expansion of macro 'ARG_CHECK'\n  386 |     ARG_CHECK(outputlen != NULL);\n      |     ^~~~~~~~~\n../native/secp256k1/src/secp256k1.c:30:16: warning: nonnull argument 'sig' compared to NULL [-Wnonnull-compare]\n   30 |     if (EXPECT(!(cond), 0)) { \\\n../native/secp256k1/src/util.h:41:39: note: in definition of macro 'EXPECT'\n   41 | #define EXPECT(x,c) __builtin_expect((x),(c))\n      |                                       ^\n../native/secp256k1/src/secp256k1.c:387:5: note: in expansion of macro 'ARG_CHECK'\n  387 |     ARG_CHECK(sig != NULL);\n      |     ^~~~~~~~~\n\u001b[0m\u001b[91m../native/secp256k1/src/secp256k1.c: In function 'secp256k1_ecdsa_signature_serialize_compact':\n\u001b[0m\u001b[91m../native/secp256k1/src/secp256k1.c:30:16: warning: nonnull argument 'output64' compared to NULL [-Wnonnull-compare]\n   30 |     if (EXPECT(!(cond), 0)) { \\\n../native/secp256k1/src/util.h:41:39: note: in definition of macro 'EXPECT'\n   41 | #define EXPECT(x,c) __builtin_expect((x),(c))\n      |                                       ^\n../native/secp256k1/src/secp256k1.c:397:5: note: in expansion of macro 'ARG_CHECK'\n  397 |     ARG_CHECK(output64 != NULL);\n      |     ^~~~~~~~~\n../native/secp256k1/src/secp256k1.c:30:16: warning: nonnull argument 'sig' compared to NULL [-Wnonnull-compare]\n   30 |     if (EXPECT(!(cond), 0)) { \\\n../native/secp256k1/src/util.h:41:39: note: in definition of macro 'EXPECT'\n   41 | #define EXPECT(x,c) __builtin_expect((x),(c))\n      |                                       ^\n../native/secp256k1/src/secp256k1.c:398:5: note: in expansion of macro 'ARG_CHECK'\n  398 |     ARG_CHECK(sig != NULL);\n      |     ^~~~~~~~~\n\u001b[0m\u001b[91m../native/secp256k1/src/secp256k1.c: In function 'secp256k1_ecdsa_signature_normalize':\n\u001b[0m\u001b[91m../native/secp256k1/src/secp256k1.c:30:16: warning: nonnull argument 'sigin' compared to NULL [-Wnonnull-compare]\n   30 |     if (EXPECT(!(cond), 0)) { \\\n../native/secp256k1/src/util.h:41:39: note: in definition of macro 'EXPECT'\n   41 | #define EXPECT(x,c) __builtin_expect((x),(c))\n      |                                       ^\n../native/secp256k1/src/secp256k1.c:411:5: note: in expansion of macro 'ARG_CHECK'\n  411 |     ARG_CHECK(sigin != NULL);\n      |     ^~~~~~~~~\n\u001b[0m\u001b[91m../native/secp256k1/src/secp256k1.c: In function 'secp256k1_ecdsa_verify':\n\u001b[0m\u001b[91m../native/secp256k1/src/secp256k1.c:30:16: warning: nonnull argument 'sig' compared to NULL [-Wnonnull-compare]\n   30 |     if (EXPECT(!(cond), 0)) { \\\n../native/secp256k1/src/util.h:41:39: note: in definition of macro 'EXPECT'\n   41 | #define EXPECT(x,c) __builtin_expect((x),(c))\n      |                                       ^\n../native/secp256k1/src/secp256k1.c:432:5: note: in expansion of macro 'ARG_CHECK'\n  432 |     ARG_CHECK(sig != NULL);\n      |     ^~~~~~~~~\n\u001b[0m\u001b[91m../native/secp256k1/src/secp256k1.c:30:16: warning: nonnull argument 'msg32' compared to NULL [-Wnonnull-compare]\n   30 |     if (EXPECT(!(cond), 0)) { \\\n../native/secp256k1/src/util.h:41:39: note: in definition of macro 'EXPECT'\n   41 | #define EXPECT(x,c) __builtin_expect((x),(c))\n      |                                       ^\n../native/secp256k1/src/secp256k1.c:431:5: note: in expansion of macro 'ARG_CHECK'\n  431 |     ARG_CHECK(msg32 != NULL);\n      |     ^~~~~~~~~\n\u001b[0m\u001b[91m../native/secp256k1/src/secp256k1.c:30:16: warning: nonnull argument 'pubkey' compared to NULL [-Wnonnull-compare]\n   30 |     if (EXPECT(!(cond), 0)) { \\\n../native/secp256k1/src/util.h:41:39: note: in definition of macro 'EXPECT'\n   41 | #define EXPECT(x,c) __builtin_expect((x),(c))\n      |                                       ^\n../native/secp256k1/src/secp256k1.c:433:5: note: in expansion of macro 'ARG_CHECK'\n  433 |     ARG_CHECK(pubkey != NULL);\n      |     ^~~~~~~~~\n\u001b[0m\u001b[91m../native/secp256k1/src/secp256k1.c: In function 'secp256k1_ecdsa_sign':\n\u001b[0m\u001b[91m../native/secp256k1/src/secp256k1.c:30:16: warning: nonnull argument 'signature' compared to NULL [-Wnonnull-compare]\n   30 |     if (EXPECT(!(cond), 0)) { \\\n../native/secp256k1/src/util.h:41:39: note: in definition of macro 'EXPECT'\n   41 | #define EXPECT(x,c) __builtin_expect((x),(c))\n      |                                       ^\n../native/secp256k1/src/secp256k1.c:542:5: note: in expansion of macro 'ARG_CHECK'\n  542 |     ARG_CHECK(signature != NULL);\n      |     ^~~~~~~~~\n\u001b[0m\u001b[91m../native/secp256k1/src/secp256k1.c:30:16: warning: nonnull argument 'msg32' compared to NULL [-Wnonnull-compare]\n   30 |     if (EXPECT(!(cond), 0)) { \\\n../native/secp256k1/src/util.h:41:39: note: in definition of macro 'EXPECT'\n   41 | #define EXPECT(x,c) __builtin_expect((x),(c))\n      |                                       ^\n../native/secp256k1/src/secp256k1.c:541:5: note: in expansion of macro 'ARG_CHECK'\n  541 |     ARG_CHECK(msg32 != NULL);\n      |     ^~~~~~~~~\n\u001b[0m\u001b[91m../native/secp256k1/src/secp256k1.c:30:16: warning: nonnull argument 'seckey' compared to NULL [-Wnonnull-compare]\n   30 |     if (EXPECT(!(cond), 0)) { \\\n../native/secp256k1/src/util.h:41:39: note: in definition of macro 'EXPECT'\n   41 | #define EXPECT(x,c) __builtin_expect((x),(c))\n      |                                       ^\n../native/secp256k1/src/secp256k1.c:543:5: note: in expansion of macro 'ARG_CHECK'\n  543 |     ARG_CHECK(seckey != NULL);\n      |     ^~~~~~~~~\n\u001b[0m\u001b[91m../native/secp256k1/src/secp256k1.c: In function 'secp256k1_ec_seckey_verify':\n\u001b[0m\u001b[91m../native/secp256k1/src/secp256k1.c:30:16: warning: nonnull argument 'seckey' compared to NULL [-Wnonnull-compare]\n   30 |     if (EXPECT(!(cond), 0)) { \\\n../native/secp256k1/src/util.h:41:39: note: in definition of macro 'EXPECT'\n   41 | #define EXPECT(x,c) __builtin_expect((x),(c))\n      |                                       ^\n../native/secp256k1/src/secp256k1.c:554:5: note: in expansion of macro 'ARG_CHECK'\n  554 |     ARG_CHECK(seckey != NULL);\n      |     ^~~~~~~~~\n\u001b[0m\u001b[91m../native/secp256k1/src/secp256k1.c: In function 'secp256k1_ec_pubkey_create':\n../native/secp256k1/src/secp256k1.c:30:16: warning: nonnull argument 'pubkey' compared to NULL [-Wnonnull-compare]\n   30 |     if (EXPECT(!(cond), 0)) { \\\n../native/secp256k1/src/util.h:41:39: note: in definition of macro 'EXPECT'\n   41 | #define EXPECT(x,c) __builtin_expect((x),(c))\n      |                                       ^\n../native/secp256k1/src/secp256k1.c:578:5: note: in expansion of macro 'ARG_CHECK'\n  578 |     ARG_CHECK(pubkey != NULL);\n      |     ^~~~~~~~~\n\u001b[0m\u001b[91m../native/secp256k1/src/secp256k1.c:30:16: warning: nonnull argument 'seckey' compared to NULL [-Wnonnull-compare]\n   30 |     if (EXPECT(!(cond), 0)) { \\\n../native/secp256k1/src/util.h:41:39: note: in definition of macro 'EXPECT'\n   41 | #define EXPECT(x,c) __builtin_expect((x),(c))\n      |                                       ^\n../native/secp256k1/src/secp256k1.c:581:5: note: in expansion of macro 'ARG_CHECK'\n  581 |     ARG_CHECK(seckey != NULL);\n      |     ^~~~~~~~~\n../native/secp256k1/src/secp256k1.c: In function 'secp256k1_ec_seckey_negate':\n\u001b[0m\u001b[91m../native/secp256k1/src/secp256k1.c:30:16: warning: nonnull argument 'seckey' compared to NULL [-Wnonnull-compare]\n   30 |     if (EXPECT(!(cond), 0)) { \\\n../native/secp256k1/src/util.h:41:39: note: in definition of macro 'EXPECT'\n   41 | #define EXPECT(x,c) __builtin_expect((x),(c))\n      |                                       ^\n../native/secp256k1/src/secp256k1.c:595:5: note: in expansion of macro 'ARG_CHECK'\n  595 |     ARG_CHECK(seckey != NULL);\n      |     ^~~~~~~~~\n\u001b[0m\u001b[91m../native/secp256k1/src/secp256k1.c: In function 'secp256k1_ec_pubkey_negate':\n\u001b[0m\u001b[91m../native/secp256k1/src/secp256k1.c:30:16: warning: nonnull argument 'pubkey' compared to NULL [-Wnonnull-compare]\n   30 |     if (EXPECT(!(cond), 0)) { \\\n../native/secp256k1/src/util.h:41:39: note: in definition of macro 'EXPECT'\n   41 | #define EXPECT(x,c) __builtin_expect((x),(c))\n      |                                       ^\n../native/secp256k1/src/secp256k1.c:614:5: note: in expansion of macro 'ARG_CHECK'\n  614 |     ARG_CHECK(pubkey != NULL);\n      |     ^~~~~~~~~\n\u001b[0m\u001b[91m../native/secp256k1/src/secp256k1.c: In function 'secp256k1_ec_seckey_tweak_add':\n\u001b[0m\u001b[91m../native/secp256k1/src/secp256k1.c:30:16: warning: nonnull argument 'seckey' compared to NULL [-Wnonnull-compare]\n   30 |     if (EXPECT(!(cond), 0)) { \\\n../native/secp256k1/src/util.h:41:39: note: in definition of macro 'EXPECT'\n   41 | #define EXPECT(x,c) __builtin_expect((x),(c))\n      |                                       ^\n../native/secp256k1/src/secp256k1.c:641:5: note: in expansion of macro 'ARG_CHECK'\n  641 |     ARG_CHECK(seckey != NULL);\n      |     ^~~~~~~~~\n\u001b[0m\u001b[91m../native/secp256k1/src/secp256k1.c:30:16: warning: nonnull argument 'tweak' compared to NULL [-Wnonnull-compare]\n   30 |     if (EXPECT(!(cond), 0)) { \\\n../native/secp256k1/src/util.h:41:39: note: in definition of macro 'EXPECT'\n   41 | #define EXPECT(x,c) __builtin_expect((x),(c))\n      |                                       ^\n../native/secp256k1/src/secp256k1.c:642:5: note: in expansion of macro 'ARG_CHECK'\n  642 |     ARG_CHECK(tweak != NULL);\n      |     ^~~~~~~~~\n\u001b[0m\u001b[91m../native/secp256k1/src/secp256k1.c: In function 'secp256k1_ec_pubkey_tweak_add':\n\u001b[0m\u001b[91m../native/secp256k1/src/secp256k1.c:30:16: warning: nonnull argument 'pubkey' compared to NULL [-Wnonnull-compare]\n   30 |     if (EXPECT(!(cond), 0)) { \\\n../native/secp256k1/src/util.h:41:39: note: in definition of macro 'EXPECT'\n   41 | #define EXPECT(x,c) __builtin_expect((x),(c))\n      |                                       ^\n../native/secp256k1/src/secp256k1.c:669:5: note: in expansion of macro 'ARG_CHECK'\n  669 |     ARG_CHECK(pubkey != NULL);\n      |     ^~~~~~~~~\n\u001b[0m\u001b[91m../native/secp256k1/src/secp256k1.c:30:16: warning: nonnull argument 'tweak' compared to NULL [-Wnonnull-compare]\n   30 |     if (EXPECT(!(cond), 0)) { \\\n../native/secp256k1/src/util.h:41:39: note: in definition of macro 'EXPECT'\n   41 | #define EXPECT(x,c) __builtin_expect((x),(c))\n      |                                       ^\n../native/secp256k1/src/secp256k1.c:670:5: note: in expansion of macro 'ARG_CHECK'\n  670 |     ARG_CHECK(tweak != NULL);\n      |     ^~~~~~~~~\n\u001b[0m\u001b[91m../native/secp256k1/src/secp256k1.c: In function 'secp256k1_ec_seckey_tweak_mul':\n\u001b[0m\u001b[91m../native/secp256k1/src/secp256k1.c:30:16: warning: nonnull argument 'seckey' compared to NULL [-Wnonnull-compare]\n   30 |     if (EXPECT(!(cond), 0)) { \\\n../native/secp256k1/src/util.h:41:39: note: in definition of macro 'EXPECT'\n   41 | #define EXPECT(x,c) __builtin_expect((x),(c))\n      |                                       ^\n../native/secp256k1/src/secp256k1.c:688:5: note: in expansion of macro 'ARG_CHECK'\n  688 |     ARG_CHECK(seckey != NULL);\n      |     ^~~~~~~~~\n\u001b[0m\u001b[91m../native/secp256k1/src/secp256k1.c:30:16: warning: nonnull argument 'tweak' compared to NULL [-Wnonnull-compare]\n   30 |     if (EXPECT(!(cond), 0)) { \\\n../native/secp256k1/src/util.h:41:39: note: in definition of macro 'EXPECT'\n   41 | #define EXPECT(x,c) __builtin_expect((x),(c))\n      |                                       ^\n../native/secp256k1/src/secp256k1.c:689:5: note: in expansion of macro 'ARG_CHECK'\n  689 |     ARG_CHECK(tweak != NULL);\n      |     ^~~~~~~~~\n\u001b[0m\u001b[91m../native/secp256k1/src/secp256k1.c: In function 'secp256k1_ec_pubkey_tweak_mul':\n\u001b[0m\u001b[91m../native/secp256k1/src/secp256k1.c:30:16: warning: nonnull argument 'pubkey' compared to NULL [-Wnonnull-compare]\n   30 |     if (EXPECT(!(cond), 0)) { \\\n../native/secp256k1/src/util.h:41:39: note: in definition of macro 'EXPECT'\n   41 | #define EXPECT(x,c) __builtin_expect((x),(c))\n      |                                       ^\n../native/secp256k1/src/secp256k1.c:713:5: note: in expansion of macro 'ARG_CHECK'\n  713 |     ARG_CHECK(pubkey != NULL);\n      |     ^~~~~~~~~\n\u001b[0m\u001b[91m../native/secp256k1/src/secp256k1.c:30:16: warning: nonnull argument 'tweak' compared to NULL [-Wnonnull-compare]\n   30 |     if (EXPECT(!(cond), 0)) { \\\n../native/secp256k1/src/util.h:41:39: note: in definition of macro 'EXPECT'\n   41 | #define EXPECT(x,c) __builtin_expect((x),(c))\n      |                                       ^\n../native/secp256k1/src/secp256k1.c:714:5: note: in expansion of macro 'ARG_CHECK'\n  714 |     ARG_CHECK(tweak != NULL);\n      |     ^~~~~~~~~\n\u001b[0m\u001b[91m../native/secp256k1/src/secp256k1.c: In function 'secp256k1_ec_pubkey_combine':\n\u001b[0m\u001b[91m../native/secp256k1/src/secp256k1.c:30:16: warning: nonnull argument 'pubnonce' compared to NULL [-Wnonnull-compare]\n   30 |     if (EXPECT(!(cond), 0)) { \\\n../native/secp256k1/src/util.h:41:39: note: in definition of macro 'EXPECT'\n   41 | #define EXPECT(x,c) __builtin_expect((x),(c))\n      |                                       ^\n../native/secp256k1/src/secp256k1.c:743:5: note: in expansion of macro 'ARG_CHECK'\n  743 |     ARG_CHECK(pubnonce != NULL);\n      |     ^~~~~~~~~\n\u001b[0m\u001b[91m../native/secp256k1/src/secp256k1.c:30:16: warning: nonnull argument 'pubnonces' compared to NULL [-Wnonnull-compare]\n   30 |     if (EXPECT(!(cond), 0)) { \\\n../native/secp256k1/src/util.h:41:39: note: in definition of macro 'EXPECT'\n   41 | #define EXPECT(x,c) __builtin_expect((x),(c))\n      |                                       ^\n../native/secp256k1/src/secp256k1.c:746:5: note: in expansion of macro 'ARG_CHECK'\n  746 |     ARG_CHECK(pubnonces != NULL);\n      |     ^~~~~~~~~\n\u001b[0m  SOLINK_MODULE(target) Release/obj.target/secp256k1.node\n  COPY Release/secp256k1.node\nmake: Leaving directory '/builds/bloxapp/ssv-web/node_modules/tiny-secp256k1/build'\n\n> keccak@3.0.2 install /builds/bloxapp/ssv-web/node_modules/keccak\n> node-gyp-build || exit 0\n\n\n> protobufjs@6.11.3 postinstall /builds/bloxapp/ssv-web/node_modules/@confio/ics23/node_modules/protobufjs\n> node scripts/postinstall\n\n\n> protobufjs@6.11.3 postinstall /builds/bloxapp/ssv-web/node_modules/@cosmjs/proto-signing/node_modules/protobufjs\n> node scripts/postinstall\n\n\n> protobufjs@6.11.3 postinstall /builds/bloxapp/ssv-web/node_modules/@cosmjs/stargate/node_modules/protobufjs\n> node scripts/postinstall\n\n\n> core-js@2.6.12 postinstall /builds/bloxapp/ssv-web/node_modules/babel-runtime/node_modules/core-js\n> node -e \"try{require('./postinstall')}catch(e){}\"\n\n\u001b[96mThank you for using core-js (\u001b[94m https://github.com/zloirock/core-js \u001b[96m) for polyfilling JavaScript standard library!\u001b[0m\n\n\u001b[96mThe project needs your help! Please consider supporting of core-js on Open Collective or Patreon: \u001b[0m\n\u001b[96m>\u001b[94m https://opencollective.com/core-js \u001b[0m\n\u001b[96m>\u001b[94m https://www.patreon.com/zloirock \u001b[0m\n\n\u001b[96mAlso, the author of core-js (\u001b[94m https://github.com/zloirock \u001b[96m) is looking for a good job -)\u001b[0m\n\n\n> core-js@3.27.0 postinstall /builds/bloxapp/ssv-web/node_modules/core-js\n> node -e \"try{require('./postinstall')}catch(e){}\"\n\n\u001b[96mThank you for using core-js (\u001b[94m https://github.com/zloirock/core-js \u001b[96m) for polyfilling JavaScript standard library!\u001b[0m\n\n\u001b[96mThe project needs your help! Please consider supporting of core-js:\u001b[0m\n\u001b[96m>\u001b[94m https://opencollective.com/core-js \u001b[0m\n\u001b[96m>\u001b[94m https://patreon.com/zloirock \u001b[0m\n\u001b[96m>\u001b[94m bitcoin: bc1qlea7544qtsmj2rayg0lthvza9fau63ux0fstcz \u001b[0m\n\n\u001b[96mAlso, the author of core-js (\u001b[94m https://github.com/zloirock \u001b[96m) is looking for a good job -)\u001b[0m\n\n\n> core-js-pure@3.27.0 postinstall /builds/bloxapp/ssv-web/node_modules/core-js-pure\n> node -e \"try{require('./postinstall')}catch(e){}\"\n\n\u001b[96mThank you for using core-js (\u001b[94m https://github.com/zloirock/core-js \u001b[96m) for polyfilling JavaScript standard library!\u001b[0m\n\n\u001b[96mThe project needs your help! Please consider supporting of core-js:\u001b[0m\n\u001b[96m>\u001b[94m https://opencollective.com/core-js \u001b[0m\n\u001b[96m>\u001b[94m https://patreon.com/zloirock \u001b[0m\n\u001b[96m>\u001b[94m bitcoin: bc1qlea7544qtsmj2rayg0lthvza9fau63ux0fstcz \u001b[0m\n\n\u001b[96mAlso, the author of core-js (\u001b[94m https://github.com/zloirock \u001b[96m) is looking for a good job -)\u001b[0m\n\n\n> protobufjs@6.11.3 postinstall /builds/bloxapp/ssv-web/node_modules/cosmjs-types/node_modules/protobufjs\n> node scripts/postinstall\n\n\n> ejs@2.7.4 postinstall /builds/bloxapp/ssv-web/node_modules/ejs\n> node ./postinstall.js\n\nThank you for installing \u001b[35mEJS\u001b[0m: built with the \u001b[32mJake\u001b[0m JavaScript build tool (\u001b[32mhttps://jakejs.com/\u001b[0m)\n\n\n> es5-ext@0.10.62 postinstall /builds/bloxapp/ssv-web/node_modules/es5-ext\n>  node -e \"try{require('./_postinstall')}catch(e){}\" || exit 0\n\n\n> web3-shh@1.7.3 postinstall /builds/bloxapp/ssv-web/node_modules/web3-shh\n> echo \"WARNING: the web3-shh api will be deprecated in the next version\"\n\nWARNING: the web3-shh api will be deprecated in the next version\n\n> web3-shh@1.8.1 postinstall /builds/bloxapp/ssv-web/node_modules/web3/node_modules/web3-shh\n> echo \"WARNING: the web3-shh api will be deprecated in the next version\"\n\nWARNING: the web3-shh api will be deprecated in the next version\n\n> web3-bzz@1.7.3 postinstall /builds/bloxapp/ssv-web/node_modules/web3-bzz\n> echo \"WARNING: the web3-bzz api will be deprecated in the next version\"\n\nWARNING: the web3-bzz api will be deprecated in the next version\n\n> web3@1.7.3 postinstall /builds/bloxapp/ssv-web/node_modules/ssv-keys/node_modules/web3\n> echo \"WARNING: the web3-shh and web3-bzz api will be deprecated in the next version\"\n\nWARNING: the web3-shh and web3-bzz api will be deprecated in the next version\n\n> web3-bzz@1.8.1 postinstall /builds/bloxapp/ssv-web/node_modules/web3/node_modules/web3-bzz\n> echo \"WARNING: the web3-bzz api will be deprecated in the next version\"\n\nWARNING: the web3-bzz api will be deprecated in the next version\n\n> cypress@7.7.0 postinstall /builds/bloxapp/ssv-web/node_modules/cypress\n> node index.js --exec install\n\nInstalling Cypress (version: 7.7.0)\n\n[STARTED] Task without title.\n[TITLE]  Downloading Cypress      0% 0s\n[TITLE]  Downloading Cypress      4% 3s\n[TITLE]  Downloading Cypress      10% 2s\n[TITLE]  Downloading Cypress      13% 2s\n[TITLE]  Downloading Cypress      17% 2s\n[TITLE]  Downloading Cypress      21% 2s\n[TITLE]  Downloading Cypress      25% 2s\n[TITLE]  Downloading Cypress      28% 2s\n[TITLE]  Downloading Cypress      32% 2s\n[TITLE]  Downloading Cypress      36% 2s\n[TITLE]  Downloading Cypress      41% 1s\n[TITLE]  Downloading Cypress      46% 1s\n[TITLE]  Downloading Cypress      50% 1s\n[TITLE]  Downloading Cypress      55% 1s\n[TITLE]  Downloading Cypress      59% 1s\n[TITLE]  Downloading Cypress      63% 1s\n[TITLE]  Downloading Cypress      68% 1s\n[TITLE]  Downloading Cypress      72% 1s\n[TITLE]  Downloading Cypress      76% 1s\n[TITLE]  Downloading Cypress      81% 0s\n[TITLE]  Downloading Cypress      85% 0s\n[TITLE]  Downloading Cypress      90% 0s\n[TITLE]  Downloading Cypress      94% 0s\n[TITLE]  Downloading Cypress      98% 0s\n[TITLE]  Downloaded Cypress     \n[SUCCESS]  Downloaded Cypress     \n[STARTED] Task without title.\n[TITLE]  Unzipping Cypress        0% 0s\n[TITLE]  Unzipping Cypress        1% 69s\n[TITLE]  Unzipping Cypress        1% 70s\n[TITLE]  Unzipping Cypress        1% 71s\n[TITLE]  Unzipping Cypress        1% 72s\n[TITLE]  Unzipping Cypress        1% 73s\n[TITLE]  Unzipping Cypress        1% 74s\n[TITLE]  Unzipping Cypress        1% 75s\n[TITLE]  Unzipping Cypress        1% 76s\n[TITLE]  Unzipping Cypress        1% 77s\n[TITLE]  Unzipping Cypress        1% 78s\n[TITLE]  Unzipping Cypress        1% 79s\n[TITLE]  Unzipping Cypress        1% 80s\n[TITLE]  Unzipping Cypress        1% 81s\n[TITLE]  Unzipping Cypress        1% 82s\n[TITLE]  Unzipping Cypress        1% 83s\n[TITLE]  Unzipping Cypress        1% 106s\n[TITLE]  Unzipping Cypress        1% 110s\n[TITLE]  Unzipping Cypress        1% 111s\n[TITLE]  Unzipping Cypress        1% 112s\n[TITLE]  Unzipping Cypress        1% 113s\n[TITLE]  Unzipping Cypress        1% 114s\n[TITLE]  Unzipping Cypress        1% 115s\n[TITLE]  Unzipping Cypress        1% 116s\n[TITLE]  Unzipping Cypress        1% 117s\n[TITLE]  Unzipping Cypress        1% 118s\n[TITLE]  Unzipping Cypress        1% 119s\n[TITLE]  Unzipping Cypress        1% 120s\n[TITLE]  Unzipping Cypress        1% 121s\n[TITLE]  Unzipping Cypress        1% 122s\n[TITLE]  Unzipping Cypress        1% 123s\n[TITLE]  Unzipping Cypress        1% 124s\n[TITLE]  Unzipping Cypress        1% 125s\n[TITLE]  Unzipping Cypress        1% 126s\n[TITLE]  Unzipping Cypress        1% 127s\n[TITLE]  Unzipping Cypress        1% 128s\n[TITLE]  Unzipping Cypress        1% 129s\n[TITLE]  Unzipping Cypress        1% 130s\n[TITLE]  Unzipping Cypress        1% 131s\n[TITLE]  Unzipping Cypress        1% 132s\n[TITLE]  Unzipping Cypress        1% 133s\n[TITLE]  Unzipping Cypress        1% 134s\n[TITLE]  Unzipping Cypress        1% 135s\n[TITLE]  Unzipping Cypress        1% 136s\n[TITLE]  Unzipping Cypress        1% 137s\n[TITLE]  Unzipping Cypress        1% 138s\n[TITLE]  Unzipping Cypress        1% 139s\n[TITLE]  Unzipping Cypress        2% 69s\n[TITLE]  Unzipping Cypress        2% 70s\n[TITLE]  Unzipping Cypress        2% 71s\n[TITLE]  Unzipping Cypress        2% 72s\n[TITLE]  Unzipping Cypress        2% 73s\n[TITLE]  Unzipping Cypress        2% 74s\n[TITLE]  Unzipping Cypress        2% 75s\n[TITLE]  Unzipping Cypress        2% 76s\n[TITLE]  Unzipping Cypress        2% 77s\n[TITLE]  Unzipping Cypress        2% 78s\n[TITLE]  Unzipping Cypress        2% 79s\n[TITLE]  Unzipping Cypress        2% 80s\n[TITLE]  Unzipping Cypress        2% 81s\n[TITLE]  Unzipping Cypress        2% 82s\n[TITLE]  Unzipping Cypress        2% 83s\n[TITLE]  Unzipping Cypress        2% 84s\n[TITLE]  Unzipping Cypress        2% 85s\n[TITLE]  Unzipping Cypress        2% 86s\n[TITLE]  Unzipping Cypress        2% 87s\n[TITLE]  Unzipping Cypress        2% 88s\n[TITLE]  Unzipping Cypress        2% 89s\n[TITLE]  Unzipping Cypress        2% 90s\n[TITLE]  Unzipping Cypress        2% 91s\n[TITLE]  Unzipping Cypress        2% 92s\n[TITLE]  Unzipping Cypress        2% 93s\n[TITLE]  Unzipping Cypress        2% 94s\n[TITLE]  Unzipping Cypress        2% 95s\n[TITLE]  Unzipping Cypress        2% 96s\n[TITLE]  Unzipping Cypress        2% 97s\n[TITLE]  Unzipping Cypress        3% 64s\n[TITLE]  Unzipping Cypress        3% 65s\n[TITLE]  Unzipping Cypress        3% 66s\n[TITLE]  Unzipping Cypress        3% 67s\n[TITLE]  Unzipping Cypress        3% 69s\n[TITLE]  Unzipping Cypress        3% 70s\n[TITLE]  Unzipping Cypress        3% 71s\n[TITLE]  Unzipping Cypress        3% 72s\n[TITLE]  Unzipping Cypress        3% 73s\n[TITLE]  Unzipping Cypress        3% 77s\n[TITLE]  Unzipping Cypress        3% 78s\n[TITLE]  Unzipping Cypress        3% 79s\n[TITLE]  Unzipping Cypress        3% 80s\n[TITLE]  Unzipping Cypress        3% 81s\n[TITLE]  Unzipping Cypress        3% 82s\n[TITLE]  Unzipping Cypress        3% 83s\n[TITLE]  Unzipping Cypress        3% 84s\n[TITLE]  Unzipping Cypress        3% 85s\n[TITLE]  Unzipping Cypress        3% 86s\n[TITLE]  Unzipping Cypress        3% 87s\n[TITLE]  Unzipping Cypress        3% 88s\n[TITLE]  Unzipping Cypress        3% 89s\n[TITLE]  Unzipping Cypress        4% 66s\n[TITLE]  Unzipping Cypress        4% 67s\n[TITLE]  Unzipping Cypress        4% 68s\n[TITLE]  Unzipping Cypress        4% 72s\n[TITLE]  Unzipping Cypress        4% 73s\n[TITLE]  Unzipping Cypress        4% 74s\n[TITLE]  Unzipping Cypress        4% 75s\n[TITLE]  Unzipping Cypress        4% 76s\n[TITLE]  Unzipping Cypress        4% 77s\n[TITLE]  Unzipping Cypress        4% 78s\n[TITLE]  Unzipping Cypress        4% 79s\n[TITLE]  Unzipping Cypress        4% 80s\n[TITLE]  Unzipping Cypress        4% 81s\n[TITLE]  Unzipping Cypress        5% 65s\n[TITLE]  Unzipping Cypress        5% 75s\n[TITLE]  Unzipping Cypress        5% 76s\n[TITLE]  Unzipping Cypress        5% 77s\n[TITLE]  Unzipping Cypress        5% 78s\n[TITLE]  Unzipping Cypress        5% 79s\n[TITLE]  Unzipping Cypress        5% 80s\n[TITLE]  Unzipping Cypress        5% 81s\n[TITLE]  Unzipping Cypress        5% 82s\n[TITLE]  Unzipping Cypress        5% 83s\n[TITLE]  Unzipping Cypress        5% 84s\n[TITLE]  Unzipping Cypress        5% 85s\n[TITLE]  Unzipping Cypress        5% 86s\n[TITLE]  Unzipping Cypress        6% 71s\n[TITLE]  Unzipping Cypress        6% 72s\n[TITLE]  Unzipping Cypress        6% 73s\n[TITLE]  Unzipping Cypress        6% 74s\n[TITLE]  Unzipping Cypress        6% 75s\n[TITLE]  Unzipping Cypress        6% 76s\n[TITLE]  Unzipping Cypress        6% 77s\n[TITLE]  Unzipping Cypress        7% 65s\n[TITLE]  Unzipping Cypress        7% 66s\n[TITLE]  Unzipping Cypress        7% 67s\n[TITLE]  Unzipping Cypress        7% 68s\n[TITLE]  Unzipping Cypress        7% 69s\n[TITLE]  Unzipping Cypress        7% 70s\n[TITLE]  Unzipping Cypress        7% 71s\n[TITLE]  Unzipping Cypress        8% 61s\n[TITLE]  Unzipping Cypress        8% 62s\n[TITLE]  Unzipping Cypress        8% 63s\n[TITLE]  Unzipping Cypress        8% 64s\n[TITLE]  Unzipping Cypress        8% 65s\n[TITLE]  Unzipping Cypress        8% 66s\n[TITLE]  Unzipping Cypress        9% 58s\n[TITLE]  Unzipping Cypress        9% 59s\n[TITLE]  Unzipping Cypress        9% 60s\n[TITLE]  Unzipping Cypress        9% 61s\n[TITLE]  Unzipping Cypress        9% 73s\n[TITLE]  Unzipping Cypress        100% 0s\n[TITLE]  Unzipped Cypress       \n[SUCCESS]  Unzipped Cypress       \n[STARTED] Task without title.\n[TITLE]  Finished Installation   /root/.cache/Cypress/7.7.0\n[SUCCESS]  Finished Installation   /root/.cache/Cypress/7.7.0\n\nYou can now open Cypress by running: node_modules/.bin/cypress open\n\nhttps://on.cypress.io/installing-cypress\n\n\n> styled-components@5.3.6 postinstall /builds/bloxapp/ssv-web/node_modules/styled-components\n> node ./postinstall.js\n\n\n> web3@1.8.1 postinstall /builds/bloxapp/ssv-web/node_modules/web3\n> echo \"Web3.js 4.x alpha has been released for early testing and feedback. Checkout doc at https://docs.web3js.org/ \"\n\nWeb3.js 4.x alpha has been released for early testing and feedback. Checkout doc at https://docs.web3js.org/ \n\u001b[91mnpm \u001b[0m\u001b[91mWARN lifecycle ssv-web@1.0.1~postinstall: cannot run in wd ssv-web@1.0.1 link-module-alias && husky install (wd=/builds/bloxapp/ssv-web)\n\u001b[0m\u001b[91mnpm notice created a lockfile as package-lock.json. You should commit this file.\n\u001b[0m\u001b[91mnpm WARN notsup Unsupported engine for hardhat@2.12.4: wanted: {\"node\":\"^14.0.0 || ^16.0.0 || ^18.0.0\"} (current: {\"node\":\"12.22.6\",\"npm\":\"6.14.15\"})\n\u001b[0m\u001b[91mnpm WARN notsup Not compatible with your version of node/npm: hardhat@2.12.4\n\u001b[0m\u001b[91mnpm WARN notsup Unsupported engine for nanoid@4.0.0: wanted: {\"node\":\"^14 || ^16 || >=18\"} (current: {\"node\":\"12.22.6\",\"npm\":\"6.14.15\"})\nnpm WARN notsup Not compatible with your version of node/npm: nanoid@4.0.0\n\u001b[0m\u001b[91mnpm WARN notsup Unsupported engine for svelte-i18n@3.6.0: wanted: {\"node\":\">= 16\"} (current: {\"node\":\"12.22.6\",\"npm\":\"6.14.15\"})\nnpm WARN notsup Not compatible with your version of node/npm: svelte-i18n@3.6.0\n\u001b[0m\u001b[91mnpm WARN optional SKIPPING OPTIONAL DEPENDENCY: fsevents@^2.1.2 (node_modules/jest-haste-map/node_modules/fsevents):\nnpm WARN notsup SKIPPING OPTIONAL DEPENDENCY: Unsupported platform for fsevents@2.3.2: wanted {\"os\":\"darwin\",\"arch\":\"any\"} (current: {\"os\":\"linux\",\"arch\":\"x64\"})\n\u001b[0m\u001b[91mnpm WARN notsup Unsupported engine for @toruslabs/torus-embed@1.38.4: wanted: {\"node\":\">=14.17.0\",\"npm\":\">=6.x\"} (current: {\"node\":\"12.22.6\",\"npm\":\"6.14.15\"})\nnpm WARN notsup Not compatible with your version of node/npm: @toruslabs/torus-embed@1.38.4\n\u001b[0m\u001b[91mnpm WARN notsup Unsupported engine for @toruslabs/http-helpers@3.2.0: wanted: {\"node\":\">=14.17.0\",\"npm\":\">=6.x\"} (current: {\"node\":\"12.22.6\",\"npm\":\"6.14.15\"})\nnpm WARN notsup Not compatible with your version of node/npm: @toruslabs/http-helpers@3.2.0\n\u001b[0m\u001b[91mnpm WARN notsup Unsupported engine for @nomicfoundation/ethereumjs-block@4.0.0: wanted: {\"node\":\">=14\"} (current: {\"node\":\"12.22.6\",\"npm\":\"6.14.15\"})\nnpm WARN notsup Not compatible with your version of node/npm: @nomicfoundation/ethereumjs-block@4.0.0\n\u001b[0m\u001b[91mnpm WARN notsup Unsupported engine for @nomicfoundation/ethereumjs-blockchain@6.0.0: wanted: {\"node\":\">=14\"} (current: {\"node\":\"12.22.6\",\"npm\":\"6.14.15\"})\nnpm WARN notsup Not compatible with your version of node/npm: @nomicfoundation/ethereumjs-blockchain@6.0.0\n\u001b[0m\u001b[91mnpm WARN notsup Unsupported engine for @nomicfoundation/ethereumjs-evm@1.0.0: wanted: {\"node\":\">=14\"} (current: {\"node\":\"12.22.6\",\"npm\":\"6.14.15\"})\nnpm WARN notsup Not compatible with your version of node/npm: @nomicfoundation/ethereumjs-evm@1.0.0\n\u001b[0m\u001b[91mnpm WARN notsup Unsupported engine for @nomicfoundation/ethereumjs-rlp@4.0.0: wanted: {\"node\":\">=14\"} (current: {\"node\":\"12.22.6\",\"npm\":\"6.14.15\"})\nnpm WARN notsup Not compatible with your version of node/npm: @nomicfoundation/ethereumjs-rlp@4.0.0\n\u001b[0m\u001b[91mnpm WARN notsup Unsupported engine for @nomicfoundation/ethereumjs-trie@5.0.0: wanted: {\"node\":\">=14\"} (current: {\"node\":\"12.22.6\",\"npm\":\"6.14.15\"})\nnpm WARN notsup Not compatible with your version of node/npm: @nomicfoundation/ethereumjs-trie@5.0.0\n\u001b[0m\u001b[91mnpm WARN notsup Unsupported engine for @nomicfoundation/ethereumjs-tx@4.0.0: wanted: {\"node\":\">=14\"} (current: {\"node\":\"12.22.6\",\"npm\":\"6.14.15\"})\nnpm WARN notsup Not compatible with your version of node/npm: @nomicfoundation/ethereumjs-tx@4.0.0\n\u001b[0m\u001b[91mnpm WARN notsup Unsupported engine for @nomicfoundation/ethereumjs-util@8.0.0: wanted: {\"node\":\">=14\"} (current: {\"node\":\"12.22.6\",\"npm\":\"6.14.15\"})\nnpm WARN notsup Not compatible with your version of node/npm: @nomicfoundation/ethereumjs-util@8.0.0\n\u001b[0m\u001b[91mnpm WARN notsup Unsupported engine for @nomicfoundation/ethereumjs-vm@6.0.0: wanted: {\"node\":\">=14\"} (current: {\"node\":\"12.22.6\",\"npm\":\"6.14.15\"})\nnpm WARN notsup Not compatible with your version of node/npm: @nomicfoundation/ethereumjs-vm@6.0.0\n\u001b[0m\u001b[91mnpm WARN notsup Unsupported engine for mocha@10.2.0: wanted: {\"node\":\">= 14.0.0\"} (current: {\"node\":\"12.22.6\",\"npm\":\"6.14.15\"})\nnpm WARN \u001b[0m\u001b[91mnotsup Not compatible with your version of node/npm: mocha@10.2.0\n\u001b[0m\u001b[91mnpm WARN notsup Unsupported engine for @nomicfoundation/ethereumjs-rlp@4.0.0: wanted: {\"node\":\">=14\"} (current: {\"node\":\"12.22.6\",\"npm\":\"6.14.15\"})\nnpm WARN notsup Not compatible with your version of node/npm: @nomicfoundation/ethereumjs-rlp@4.0.0\n\u001b[0m\u001b[91mnpm WARN notsup Unsupported engine for @nomicfoundation/ethereumjs-rlp@4.0.0: wanted: {\"node\":\">=14\"} (current: {\"node\":\"12.22.6\",\"npm\":\"6.14.15\"})\nnpm WARN notsup Not compatible with your version of node/npm: @nomicfoundation/ethereumjs-rlp@4.0.0\n\u001b[0m\u001b[91mnpm WARN notsup Unsupported engine for @nomicfoundation/ethereumjs-rlp@4.0.0: wanted: {\"node\":\">=14\"} (current: {\"node\":\"12.22.6\",\"npm\":\"6.14.15\"})\nnpm WARN notsup Not compatible with your version of node/npm: @nomicfoundation/ethereumjs-rlp@4.0.0\n\u001b[0m\u001b[91mnpm WARN notsup Unsupported engine for @nomicfoundation/ethereumjs-rlp@4.0.0: wanted: {\"node\":\">=14\"} (current: {\"node\":\"12.22.6\",\"npm\":\"6.14.15\"})\nnpm WARN notsup Not compatible with your version of node/npm: @nomicfoundation/ethereumjs-rlp@4.0.0\n\u001b[0m\u001b[91mnpm WARN notsup Unsupported engine for @nomicfoundation/ethereumjs-rlp@4.0.0: wanted: {\"node\":\">=14\"} (current: {\"node\":\"12.22.6\",\"npm\":\"6.14.15\"})\nnpm WARN notsup Not compatible with your version of node/npm: @nomicfoundation/ethereumjs-rlp@4.0.0\n\u001b[0m\u001b[91mnpm WARN notsup Unsupported engine for @nomicfoundation/ethereumjs-ethash@2.0.0: wanted: {\"node\":\">=14\"} (current: {\"node\":\"12.22.6\",\"npm\":\"6.14.15\"})\nnpm WARN notsup Not compatible with your version of node/npm: @nomicfoundation/ethereumjs-ethash@2.0.0\n\u001b[0m\u001b[91mnpm WARN notsup Unsupported engine for @nomicfoundation/ethereumjs-rlp@4.0.0: wanted: {\"node\":\">=14\"} (current: {\"node\":\"12.22.6\",\"npm\":\"6.14.15\"})\nnpm WARN notsup Not compatible with your version of node/npm: @nomicfoundation/ethereumjs-rlp@4.0.0\n\u001b[0m\u001b[91mnpm WARN notsup Unsupported engine for @nomicfoundation/ethereumjs-rlp@4.0.0: wanted: {\"node\":\">=14\"} (current: {\"node\":\"12.22.6\",\"npm\":\"6.14.15\"})\nnpm WARN notsup Not compatible with your version of node/npm: @nomicfoundation/ethereumjs-rlp@4.0.0\n\u001b[0m\u001b[91mnpm WARN notsup Unsupported engine for @nomicfoundation/ethereumjs-rlp@4.0.0: wanted: {\"node\":\">=14\"} (current: {\"node\":\"12.22.6\",\"npm\":\"6.14.15\"})\nnpm WARN notsup Not compatible with your version of node/npm: @nomicfoundation/ethereumjs-rlp@4.0.0\n\u001b[0m\u001b[91mnpm WARN optional SKIPPING OPTIONAL DEPENDENCY: @nomicfoundation/solidity-analyzer-darwin-arm64@0.1.0 (node_modules/@nomicfoundation/solidity-analyzer/node_modules/@nomicfoundation/solidity-analyzer-darwin-arm64):\nnpm WARN notsup SKIPPING OPTIONAL DEPENDENCY: Unsupported platform for @nomicfoundation/solidity-analyzer-darwin-arm64@0.1.0: wanted {\"os\":\"darwin\",\"arch\":\"arm64\"} (current: {\"os\":\"linux\",\"arch\":\"x64\"})\n\u001b[0m\u001b[91mnpm WARN optional SKIPPING OPTIONAL DEPENDENCY: @nomicfoundation/solidity-analyzer-linux-arm64-musl@0.1.0 (node_modules/@nomicfoundation/solidity-analyzer/node_modules/@nomicfoundation/solidity-analyzer-linux-arm64-musl):\nnpm WARN notsup SKIPPING OPTIONAL DEPENDENCY: Unsupported platform for @nomicfoundation/solidity-analyzer-linux-arm64-musl@0.1.0: wanted {\"os\":\"linux\",\"arch\":\"arm64\"} (current: {\"os\":\"linux\",\"arch\":\"x64\"})\n\u001b[0m\u001b[91mnpm WARN optional SKIPPING OPTIONAL DEPENDENCY: @nomicfoundation/solidity-analyzer-linux-arm64-gnu@0.1.0 (node_modules/@nomicfoundation/solidity-analyzer/node_modules/@nomicfoundation/solidity-analyzer-linux-arm64-gnu):\nnpm WARN notsup SKIPPING OPTIONAL DEPENDENCY: Unsupported platform for @nomicfoundation/solidity-analyzer-linux-arm64-gnu@0.1.0: wanted {\"os\":\"linux\",\"arch\":\"arm64\"} (current: {\"os\":\"linux\",\"arch\":\"x64\"})\n\u001b[0m\u001b[91mnpm WARN optional SKIPPING OPTIONAL DEPENDENCY: @nomicfoundation/solidity-analyzer-win32-arm64-msvc@0.1.0 (node_modules/@nomicfoundation/solidity-analyzer/node_modules/@nomicfoundation/solidity-analyzer-win32-arm64-msvc):\nnpm WARN notsup SKIPPING OPTIONAL DEPENDENCY: Unsupported platform for @nomicfoundation/solidity-analyzer-win32-arm64-msvc@0.1.0: wanted {\"os\":\"win32\",\"arch\":\"arm64\"} (current: {\"os\":\"linux\",\"arch\":\"x64\"})\n\u001b[0m\u001b[91mnpm WARN optional SKIPPING OPTIONAL DEPENDENCY: @nomicfoundation/solidity-analyzer-win32-x64-msvc@0.1.0 (node_modules/@nomicfoundation/solidity-analyzer/node_modules/@nomicfoundation/solidity-analyzer-win32-x64-msvc):\nnpm WARN notsup SKIPPING OPTIONAL DEPENDENCY: Unsupported platform for @nomicfoundation/solidity-analyzer-win32-x64-msvc@0.1.0: wanted {\"os\":\"win32\",\"arch\":\"x64\"} (current: {\"os\":\"linux\",\"arch\":\"x64\"})\n\u001b[0m\u001b[91mnpm WARN optional SKIPPING OPTIONAL DEPENDENCY: @nomicfoundation/solidity-analyzer-darwin-x64@0.1.0 (node_modules/@nomicfoundation/solidity-analyzer/node_modules/@nomicfoundation/solidity-analyzer-darwin-x64):\nnpm WARN notsup SKIPPING OPTIONAL DEPENDENCY: Unsupported platform for @nomicfoundation/solidity-analyzer-darwin-x64@0.1.0: wanted {\"os\":\"darwin\",\"arch\":\"x64\"} (current: {\"os\":\"linux\",\"arch\":\"x64\"})\n\u001b[0m\u001b[91mnpm WARN optional SKIPPING OPTIONAL DEPENDENCY: @nomicfoundation/solidity-analyzer-freebsd-x64@0.1.0 (node_modules/@nomicfoundation/solidity-analyzer/node_modules/@nomicfoundation/solidity-analyzer-freebsd-x64):\nnpm WARN notsup SKIPPING OPTIONAL DEPENDENCY: Unsupported platform for @nomicfoundation/solidity-analyzer-freebsd-x64@0.1.0: wanted {\"os\":\"freebsd\",\"arch\":\"x64\"} (current: {\"os\":\"linux\",\"arch\":\"x64\"})\n\u001b[0m\u001b[91mnpm WARN optional SKIPPING OPTIONAL DEPENDENCY: @nomicfoundation/solidity-analyzer-win32-ia32-msvc@0.1.0 (node_modules/@nomicfoundation/solidity-analyzer/node_modules/@nomicfoundation/solidity-analyzer-win32-ia32-msvc):\nnpm WARN notsup SKIPPING OPTIONAL DEPENDENCY: Unsupported platform for @nomicfoundation/solidity-analyzer-win32-ia32-msvc@0.1.0: wanted {\"os\":\"win32\",\"arch\":\"ia32\"} (current: {\"os\":\"linux\",\"arch\":\"x64\"})\n\u001b[0m\u001b[91mnpm WARN notsup Unsupported engine for got@12.1.0: wanted: {\"node\":\">=14.16\"} (current: {\"node\":\"12.22.6\",\"npm\":\"6.14.15\"})\nnpm WARN notsup Not compatible with your version of node/npm: got@12.1.0\n\u001b[0m\u001b[91mnpm WARN notsup Unsupported engine for @szmarczak/http-timer@5.0.1: wanted: {\"node\":\">=14.16\"} (current: {\"node\":\"12.22.6\",\"npm\":\"6.14.15\"})\nnpm WARN notsup Not compatible with your version of node/npm: @szmarczak/http-timer@5.0.1\n\u001b[0m\u001b[91mnpm WARN optional SKIPPING OPTIONAL DEPENDENCY: fsevents@^1.2.7 (node_modules/watchpack-chokidar2/node_modules/chokidar/node_modules/fsevents):\nnpm WARN notsup SKIPPING OPTIONAL DEPENDENCY: Unsupported platform for fsevents@1.2.13: wanted {\"os\":\"darwin\",\"arch\":\"any\"} (current: {\"os\":\"linux\",\"arch\":\"x64\"})\n\u001b[0m\u001b[91mnpm WARN optional SKIPPING OPTIONAL DEPENDENCY: fsevents@^1.2.7 (node_modules/webpack-dev-server/node_modules/chokidar/node_modules/fsevents):\nnpm WARN notsup SKIPPING OPTIONAL DEPENDENCY: Unsupported platform for fsevents@1.2.13: wanted {\"os\":\"darwin\",\"arch\":\"any\"} (current: {\"os\":\"linux\",\"arch\":\"x64\"})\n\u001b[0m\u001b[91mnpm WARN optional SKIPPING OPTIONAL DEPENDENCY: fsevents@^1.2.7 (node_modules/jest-environment-uint8array/node_modules/jest-haste-map/node_modules/fsevents):\nnpm WARN notsup SKIPPING OPTIONAL DEPENDENCY: Unsupported platform for fsevents@1.2.13: wanted {\"os\":\"darwin\",\"arch\":\"any\"} (current: {\"os\":\"linux\",\"arch\":\"x64\"})\n\u001b[0m\u001b[91mnpm WARN notsup Unsupported engine for @jest/console@29.3.1: wanted: {\"node\":\"^14.15.0 || ^16.10.0 || >=18.0.0\"} (current: {\"node\":\"12.22.6\",\"npm\":\"6.14.15\"})\nnpm WARN notsup Not compatible with your version of node/npm: @jest/console@29.3.1\n\u001b[0m\u001b[91mnpm WARN notsup Unsupported engine for @jest/types@29.3.1: wanted: {\"node\":\"^14.15.0 || ^16.10.0 || >=18.0.0\"} (current: {\"node\":\"12.22.6\",\"npm\":\"6.14.15\"})\nnpm WARN notsup Not compatible with your version of node/npm: @jest/types@29.3.1\n\u001b[0m\u001b[91mnpm WARN notsup Unsupported engine for @jest/test-result@29.3.1: wanted: {\"node\":\"^14.15.0 || ^16.10.0 || >=18.0.0\"} (current: {\"node\":\"12.22.6\",\"npm\":\"6.14.15\"})\nnpm WARN notsup Not compatible with your version of node/npm: @jest/test-result@29.3.1\n\u001b[0m\u001b[91mnpm WARN notsup Unsupported engine for jest-message-util@29.3.1: wanted: {\"node\":\"^14.15.0 || ^16.10.0 || >=18.0.0\"} (current: {\"node\":\"12.22.6\",\"npm\":\"6.14.15\"})\nnpm WARN notsup Not compatible with your version of node/npm: jest-message-util@29.3.1\n\u001b[0m\u001b[91mnpm WARN notsup Unsupported engine for jest-util@29.3.1: wanted: {\"node\":\"^14.15.0 || ^16.10.0 || >=18.0.0\"} (current: {\"node\":\"12.22.6\",\"npm\":\"6.14.15\"})\nnpm WARN notsup Not compatible with your version of node/npm: jest-util@29.3.1\n\u001b[0m\u001b[91mnpm WARN notsup Unsupported engine for @jest/schemas@29.0.0: wanted: {\"node\":\"^14.15.0 || ^16.10.0 || >=18.0.0\"} (current: {\"node\":\"12.22.6\",\"npm\":\"6.14.15\"})\nnpm WARN notsup Not compatible with your version of node/npm: @jest/schemas@29.0.0\n\u001b[0m\u001b[91mnpm WARN notsup Unsupported engine for pretty-format@29.3.1: wanted: {\"node\":\"^14.15.0 || ^16.10.0 || >=18.0.0\"} (current: {\"node\":\"12.22.6\",\"npm\":\"6.14.15\"})\nnpm WARN notsup Not compatible with your version of node/npm: pretty-format@29.3.1\n\u001b[0m\u001b[91mnpm WARN @nomiclabs/hardhat-waffle@2.0.3 requires a peer of ethereum-waffle@^3.2.0 but none is installed. You must install peer dependencies yourself.\n\u001b[0m\u001b[91mnpm WARN @chainsafe/bls@6.0.3 requires a peer of @chainsafe/blst@^0.2.0 but none is installed. You must install peer dependencies yourself.\n\u001b[0m\u001b[91mnpm WARN mobx-react@6.1.4 requires a peer of react@^16.8.0 || 16.9.0-alpha.0 but none is installed. You must install peer dependencies yourself.\n\u001b[0m\u001b[91mnpm WARN @babel/plugin-bugfix-v8-spread-parameters-in-optional-chaining@7.20.7 requires a peer of @babel/core@^7.13.0 but none is installed. You must install peer dependencies yourself.\n\u001b[0m\u001b[91mnpm WARN react-qr-reader@2.2.1 requires a peer of react@~16 but none is installed. You must install peer dependencies yourself.\n\u001b[0m\u001b[91mnpm WARN react-qr-reader@2.2.1 requires a peer of react-dom@~16 but none is installed. You must install peer dependencies yourself.\n\u001b[0m\u001b[91mnpm WARN mobx-react-lite@1.5.2 requires a peer of react@^16.8.0 but none is installed. You must install peer dependencies yourself.\n\u001b[0m\u001b[91mnpm WARN jest-html-reporter@3.7.0 requires a peer of typescript@^3.7.x || ^4.3.x but none is installed. You must install peer dependencies yourself.\n\u001b[0m\u001b[91mnpm WARN ssv-web@1.0.1 No repository field.\n\u001b[0m\u001b[91mnpm WARN The package eslint-config-airbnb is included as both a dev and production dependency.\n\u001b[0m\u001b[91mnpm WARN The package eslint-config-airbnb-typescript is included as both a dev and production dependency.\n\u001b[0m\u001b[91m\n\u001b[0madded 3882 packages from 2028 contributors in 251.485s\n\n315 packages are looking for funding\n  run `npm fund` for details\n\n\u001b[91mnpm ERR! code ENOAUDIT\n\u001b[0m\u001b[91mnpm ERR! audit Your configured registry (https://registry.npmjs.org/) may not support audit requests, or the audit endpoint may be temporarily unavailable.\n\u001b[0m\u001b[91m\nnpm ERR!\u001b[0m\u001b[91m A complete log of this run can be found in:\nnpm\u001b[0m\u001b[91m ERR!\u001b[0m\u001b[91m     /root/.npm/_logs/2022-12-27T22_09_23_386Z-debug.log\n\u001b[0mRemoving intermediate container f7f0ef0bc783\n","stderr":"The command '/bin/sh -c apk add npm && npm install && npm audit fix && pip install awscli' returned a non-zero code: 1\n"},"endTime":1672178976701}